{
  "stats": {
    "suites": 4,
    "tests": 44,
    "passes": 44,
    "pending": 0,
    "failures": 0,
    "start": "2023-12-14T06:36:04.130Z",
    "end": "2023-12-14T06:36:08.809Z",
    "duration": 4679,
    "testsRegistered": 44,
    "passPercent": 100,
    "pendingPercent": 0,
    "other": 0,
    "hasOther": false,
    "skipped": 0,
    "hasSkipped": false
  },
  "results": [
    {
      "uuid": "f53353e7-fd63-487d-b097-a3b91b120b58",
      "title": "",
      "fullFile": "",
      "file": "",
      "beforeHooks": [],
      "afterHooks": [],
      "tests": [],
      "suites": [
        {
          "uuid": "54663cd9-1097-455f-9335-ac483d299913",
          "title": "Get query SortBy Top Rated",
          "fullFile": "C:\\raizakurniawan\\apiTestbyMocha\\apiMythRepo\\get-query-sortby.js",
          "file": "\\apiMythRepo\\get-query-sortby.js",
          "beforeHooks": [],
          "afterHooks": [],
          "tests": [
            {
              "title": "Get Confirm Mythic Sorting List by Top Rated",
              "fullTitle": "Get query SortBy Top Rated Get Confirm Mythic Sorting List by Top Rated",
              "timedOut": false,
              "duration": 158,
              "state": "passed",
              "speed": "slow",
              "pass": true,
              "fail": false,
              "pending": false,
              "context": null,
              "code": "const res = await axios.get(createURL('confirmed/mythic'), { sortBy: 'TOPRATED'})\nconsole.log(res.data)\nexpect(res.data.page);\nexpect(res.status).to.equal(200);",
              "err": {},
              "uuid": "20fd1514-8e33-4b72-9829-d93381843dc1",
              "parentUUID": "54663cd9-1097-455f-9335-ac483d299913",
              "isHook": false,
              "skipped": false
            },
            {
              "title": "Get Unconfirm Mythic Sorting List by Top Rated",
              "fullTitle": "Get query SortBy Top Rated Get Unconfirm Mythic Sorting List by Top Rated",
              "timedOut": false,
              "duration": 29,
              "state": "passed",
              "speed": "fast",
              "pass": true,
              "fail": false,
              "pending": false,
              "context": null,
              "code": "const res = await axios.get(createURL('unconfirmed/mythic'), { sortBy: 'TOPRATED'})\nconsole.log(res.data)\nexpect(res.data.page);\nexpect(res.status).to.equal(200);",
              "err": {},
              "uuid": "e38c06f4-0583-4fa9-8862-0c15c0abe44d",
              "parentUUID": "54663cd9-1097-455f-9335-ac483d299913",
              "isHook": false,
              "skipped": false
            },
            {
              "title": "Get Confirm Casefile Sorting List by Top Rated",
              "fullTitle": "Get query SortBy Top Rated Get Confirm Casefile Sorting List by Top Rated",
              "timedOut": false,
              "duration": 51,
              "state": "passed",
              "speed": "medium",
              "pass": true,
              "fail": false,
              "pending": false,
              "context": null,
              "code": "const res = await axios.get(createURL('confirmed/casefile'), { sortBy: 'TOPRATED'})\nconsole.log(res.data)\nexpect(res.data.page);\nexpect(res.status).to.equal(200);",
              "err": {},
              "uuid": "bef6129c-6035-4f20-a9c6-9d5941050add",
              "parentUUID": "54663cd9-1097-455f-9335-ac483d299913",
              "isHook": false,
              "skipped": false
            },
            {
              "title": "Get Unconfirm Casefile Sorting List by Top Rated",
              "fullTitle": "Get query SortBy Top Rated Get Unconfirm Casefile Sorting List by Top Rated",
              "timedOut": false,
              "duration": 37,
              "state": "passed",
              "speed": "fast",
              "pass": true,
              "fail": false,
              "pending": false,
              "context": null,
              "code": "const res = await axios.get(createURL('unconfirmed/casefile'), { sortBy: 'TOPRATED'})\nconsole.log(res.data)\nexpect(res.data.page);\nexpect(res.status).to.equal(200);",
              "err": {},
              "uuid": "7af07fff-a380-4d2f-abd6-fca34df2ef9e",
              "parentUUID": "54663cd9-1097-455f-9335-ac483d299913",
              "isHook": false,
              "skipped": false
            },
            {
              "title": "Get Confirm Dossier Sorting List by Top Rated",
              "fullTitle": "Get query SortBy Top Rated Get Confirm Dossier Sorting List by Top Rated",
              "timedOut": false,
              "duration": 30,
              "state": "passed",
              "speed": "fast",
              "pass": true,
              "fail": false,
              "pending": false,
              "context": null,
              "code": "const res = await axios.get(createURL('confirmed/dossier'), { sortBy: 'TOPRATED'})\nconsole.log(res.data)\nexpect(res.data.page);\nexpect(res.status).to.equal(200);",
              "err": {},
              "uuid": "81b067e6-fbcb-44b6-97a9-a5b870e63c97",
              "parentUUID": "54663cd9-1097-455f-9335-ac483d299913",
              "isHook": false,
              "skipped": false
            },
            {
              "title": "Get Unconfirm Dossier Sorting List by Top Rated",
              "fullTitle": "Get query SortBy Top Rated Get Unconfirm Dossier Sorting List by Top Rated",
              "timedOut": false,
              "duration": 28,
              "state": "passed",
              "speed": "fast",
              "pass": true,
              "fail": false,
              "pending": false,
              "context": null,
              "code": "const res = await axios.get(createURL('unconfirmed/dossier'), { sortBy: 'TOPRATED'})\nconsole.log(res.data)\nexpect(res.data.page);\nexpect(res.status).to.equal(200);",
              "err": {},
              "uuid": "da2e57fd-b3c7-4663-b017-997d61a60c23",
              "parentUUID": "54663cd9-1097-455f-9335-ac483d299913",
              "isHook": false,
              "skipped": false
            },
            {
              "title": "Get Confirm Addendum Sorting List by Top Rated",
              "fullTitle": "Get query SortBy Top Rated Get Confirm Addendum Sorting List by Top Rated",
              "timedOut": false,
              "duration": 27,
              "state": "passed",
              "speed": "fast",
              "pass": true,
              "fail": false,
              "pending": false,
              "context": null,
              "code": "const res = await axios.get(createURL('confirmed/addendum'), { sortBy: 'TOPRATED'})\nconsole.log(res.data)\nexpect(res.data.page);\nexpect(res.status).to.equal(200);",
              "err": {},
              "uuid": "ab249a71-d9e6-4920-8452-52ff455ccba6",
              "parentUUID": "54663cd9-1097-455f-9335-ac483d299913",
              "isHook": false,
              "skipped": false
            },
            {
              "title": "Get Unconfirm Addendum Sorting List by Top Rated",
              "fullTitle": "Get query SortBy Top Rated Get Unconfirm Addendum Sorting List by Top Rated",
              "timedOut": false,
              "duration": 27,
              "state": "passed",
              "speed": "fast",
              "pass": true,
              "fail": false,
              "pending": false,
              "context": null,
              "code": "const res = await axios.get(createURL('unconfirmed/addendum'), { sortBy: 'TOPRATED'})\nconsole.log(res.data)\nexpect(res.data.page);\nexpect(res.status).to.equal(200);",
              "err": {},
              "uuid": "871130f8-81e8-4a0e-b1cb-2d52783766b7",
              "parentUUID": "54663cd9-1097-455f-9335-ac483d299913",
              "isHook": false,
              "skipped": false
            }
          ],
          "suites": [],
          "passes": [
            "20fd1514-8e33-4b72-9829-d93381843dc1",
            "e38c06f4-0583-4fa9-8862-0c15c0abe44d",
            "bef6129c-6035-4f20-a9c6-9d5941050add",
            "7af07fff-a380-4d2f-abd6-fca34df2ef9e",
            "81b067e6-fbcb-44b6-97a9-a5b870e63c97",
            "da2e57fd-b3c7-4663-b017-997d61a60c23",
            "ab249a71-d9e6-4920-8452-52ff455ccba6",
            "871130f8-81e8-4a0e-b1cb-2d52783766b7"
          ],
          "failures": [],
          "pending": [],
          "skipped": [],
          "duration": 387,
          "root": false,
          "rootEmpty": false,
          "_timeout": 30000
        },
        {
          "uuid": "a9bd32c4-9e4c-440d-aebe-88dd6d12343a",
          "title": "Mythic Repository Get API request",
          "fullFile": "C:\\raizakurniawan\\apiTestbyMocha\\apiMythRepo\\get-req.js",
          "file": "\\apiMythRepo\\get-req.js",
          "beforeHooks": [],
          "afterHooks": [],
          "tests": [
            {
              "title": "Should be able to get Confirm Mythic list ",
              "fullTitle": "Mythic Repository Get API request Should be able to get Confirm Mythic list ",
              "timedOut": false,
              "duration": 28,
              "state": "passed",
              "speed": "fast",
              "pass": true,
              "fail": false,
              "pending": false,
              "context": null,
              "code": "const res = await axios.get(createURL('confirmed/mythic'))\nconsole.log(res.data)\nexpect(res.data.page);\nexpect(res.status).to.equal(200);",
              "err": {},
              "uuid": "26bc0469-ab73-4f96-9983-905315fcbe51",
              "parentUUID": "a9bd32c4-9e4c-440d-aebe-88dd6d12343a",
              "isHook": false,
              "skipped": false
            },
            {
              "title": "Should be able to get Unconfirm Mythic list ",
              "fullTitle": "Mythic Repository Get API request Should be able to get Unconfirm Mythic list ",
              "timedOut": false,
              "duration": 31,
              "state": "passed",
              "speed": "fast",
              "pass": true,
              "fail": false,
              "pending": false,
              "context": null,
              "code": "const res = await axios.get(createURL('unconfirmed/mythic'))\nconsole.log(res.data)\nexpect(res.data.page);\nexpect(res.status).to.equal(200);",
              "err": {},
              "uuid": "6f41f3bb-bffa-41f3-906c-a58dc81e8393",
              "parentUUID": "a9bd32c4-9e4c-440d-aebe-88dd6d12343a",
              "isHook": false,
              "skipped": false
            },
            {
              "title": "Should be able to get Mythic Detail ",
              "fullTitle": "Mythic Repository Get API request Should be able to get Mythic Detail ",
              "timedOut": false,
              "duration": 32,
              "state": "passed",
              "speed": "fast",
              "pass": true,
              "fail": false,
              "pending": false,
              "context": null,
              "code": "const res = await axios.get(createURL('mythic/M-1001'))\nconsole.log(res.data)\nexpect(res.data.page);\nexpect(res.status).to.equal(200);",
              "err": {},
              "uuid": "1b8b4714-64e2-4e4a-b3d1-f9be07946df1",
              "parentUUID": "a9bd32c4-9e4c-440d-aebe-88dd6d12343a",
              "isHook": false,
              "skipped": false
            },
            {
              "title": "Should be able to get Confirm Casefile list ",
              "fullTitle": "Mythic Repository Get API request Should be able to get Confirm Casefile list ",
              "timedOut": false,
              "duration": 39,
              "state": "passed",
              "speed": "medium",
              "pass": true,
              "fail": false,
              "pending": false,
              "context": null,
              "code": "const res = await axios.get(createURL('confirmed/casefile'))\nconsole.log(res.data)\nexpect(res.data.page);\nexpect(res.status).to.equal(200);",
              "err": {},
              "uuid": "d0d9973d-c77c-4220-a078-d248252d07fe",
              "parentUUID": "a9bd32c4-9e4c-440d-aebe-88dd6d12343a",
              "isHook": false,
              "skipped": false
            },
            {
              "title": "Should be able to get Unconfirm Casefile list ",
              "fullTitle": "Mythic Repository Get API request Should be able to get Unconfirm Casefile list ",
              "timedOut": false,
              "duration": 34,
              "state": "passed",
              "speed": "fast",
              "pass": true,
              "fail": false,
              "pending": false,
              "context": null,
              "code": "const res = await axios.get(createURL('unconfirmed/casefile'))\nconsole.log(res.data)\nexpect(res.data.page);\nexpect(res.status).to.equal(200);",
              "err": {},
              "uuid": "11b6cfec-22e4-4c30-89f2-b78b77471e94",
              "parentUUID": "a9bd32c4-9e4c-440d-aebe-88dd6d12343a",
              "isHook": false,
              "skipped": false
            },
            {
              "title": "Should be able to get Casefile Detail ",
              "fullTitle": "Mythic Repository Get API request Should be able to get Casefile Detail ",
              "timedOut": false,
              "duration": 33,
              "state": "passed",
              "speed": "fast",
              "pass": true,
              "fail": false,
              "pending": false,
              "context": null,
              "code": "const res = await axios.get(createURL('casefile/C-1002'))\nconsole.log(res.data)\nexpect(res.data.page);\nexpect(res.status).to.equal(200);",
              "err": {},
              "uuid": "29cc63e4-8802-4098-92e5-032bdc08c3f0",
              "parentUUID": "a9bd32c4-9e4c-440d-aebe-88dd6d12343a",
              "isHook": false,
              "skipped": false
            },
            {
              "title": "Should be able to get Confirm Dossier list ",
              "fullTitle": "Mythic Repository Get API request Should be able to get Confirm Dossier list ",
              "timedOut": false,
              "duration": 27,
              "state": "passed",
              "speed": "fast",
              "pass": true,
              "fail": false,
              "pending": false,
              "context": null,
              "code": "const res = await axios.get(createURL('confirmed/dossier'))\nconsole.log(res.data)\nexpect(res.data.page);\nexpect(res.status).to.equal(200);",
              "err": {},
              "uuid": "abcdf1b7-eba8-4343-a984-65d95b3919c4",
              "parentUUID": "a9bd32c4-9e4c-440d-aebe-88dd6d12343a",
              "isHook": false,
              "skipped": false
            },
            {
              "title": "Should be able to get Unconfirm Dossier list ",
              "fullTitle": "Mythic Repository Get API request Should be able to get Unconfirm Dossier list ",
              "timedOut": false,
              "duration": 25,
              "state": "passed",
              "speed": "fast",
              "pass": true,
              "fail": false,
              "pending": false,
              "context": null,
              "code": "const res = await axios.get(createURL('unconfirmed/dossier'))\nconsole.log(res.data)\nexpect(res.data.page);\nexpect(res.status).to.equal(200);",
              "err": {},
              "uuid": "257a57ab-a142-49b2-be05-e11d1b36e0cf",
              "parentUUID": "a9bd32c4-9e4c-440d-aebe-88dd6d12343a",
              "isHook": false,
              "skipped": false
            },
            {
              "title": "Should be able to get Dossier Detail ",
              "fullTitle": "Mythic Repository Get API request Should be able to get Dossier Detail ",
              "timedOut": false,
              "duration": 31,
              "state": "passed",
              "speed": "fast",
              "pass": true,
              "fail": false,
              "pending": false,
              "context": null,
              "code": "const res = await axios.get(createURL('dossier/D-1002'))\nconsole.log(res.data)\nexpect(res.data.page);\nexpect(res.status).to.equal(200);",
              "err": {},
              "uuid": "99c38a3b-c512-48a4-a07d-e3d45d91116c",
              "parentUUID": "a9bd32c4-9e4c-440d-aebe-88dd6d12343a",
              "isHook": false,
              "skipped": false
            },
            {
              "title": "Should be able to get Confirm Addendum list ",
              "fullTitle": "Mythic Repository Get API request Should be able to get Confirm Addendum list ",
              "timedOut": false,
              "duration": 27,
              "state": "passed",
              "speed": "fast",
              "pass": true,
              "fail": false,
              "pending": false,
              "context": null,
              "code": "const res = await axios.get(createURL('confirmed/addendum'))\nconsole.log(res.data)\nexpect(res.data.page);\nexpect(res.status).to.equal(200);",
              "err": {},
              "uuid": "cef62789-5080-4695-96fb-47668812ea33",
              "parentUUID": "a9bd32c4-9e4c-440d-aebe-88dd6d12343a",
              "isHook": false,
              "skipped": false
            },
            {
              "title": "Should be able to get Unconfirm Addendum list ",
              "fullTitle": "Mythic Repository Get API request Should be able to get Unconfirm Addendum list ",
              "timedOut": false,
              "duration": 28,
              "state": "passed",
              "speed": "fast",
              "pass": true,
              "fail": false,
              "pending": false,
              "context": null,
              "code": "const res = await axios.get(createURL('unconfirmed/addendum'))\nconsole.log(res.data)\nexpect(res.data.page);\nexpect(res.status).to.equal(200);",
              "err": {},
              "uuid": "af2525fb-2990-4128-9487-1f35de5071f2",
              "parentUUID": "a9bd32c4-9e4c-440d-aebe-88dd6d12343a",
              "isHook": false,
              "skipped": false
            },
            {
              "title": "Should be able to get Addendum Detail ",
              "fullTitle": "Mythic Repository Get API request Should be able to get Addendum Detail ",
              "timedOut": false,
              "duration": 27,
              "state": "passed",
              "speed": "fast",
              "pass": true,
              "fail": false,
              "pending": false,
              "context": null,
              "code": "const res = await axios.get(createURL('addendum/C-1001-A1431'))\nconsole.log(res.data)\nexpect(res.data.page);\nexpect(res.status).to.equal(200);",
              "err": {},
              "uuid": "dd90b641-18da-4d2c-8432-25dbf0784abf",
              "parentUUID": "a9bd32c4-9e4c-440d-aebe-88dd6d12343a",
              "isHook": false,
              "skipped": false
            },
            {
              "title": "Home page Top Rated",
              "fullTitle": "Mythic Repository Get API request Home page Top Rated",
              "timedOut": false,
              "duration": 27,
              "state": "passed",
              "speed": "fast",
              "pass": true,
              "fail": false,
              "pending": false,
              "context": null,
              "code": "const res = await axios.get(createURL('home/top-rated'))\nconsole.log(res.data)\nexpect(res.data.page)\nexpect(res.status).to.equal(200)",
              "err": {},
              "uuid": "4217cc74-64a5-4991-827f-2daa782500bc",
              "parentUUID": "a9bd32c4-9e4c-440d-aebe-88dd6d12343a",
              "isHook": false,
              "skipped": false
            },
            {
              "title": "Home page Last Confirmed",
              "fullTitle": "Mythic Repository Get API request Home page Last Confirmed",
              "timedOut": false,
              "duration": 30,
              "state": "passed",
              "speed": "fast",
              "pass": true,
              "fail": false,
              "pending": false,
              "context": null,
              "code": "const res = await axios.get(createURL('home/last-confirmed'))\nconsole.log(res.data)\nexpect(res.data.page)\nexpect(res.status).to.equal(200)",
              "err": {},
              "uuid": "03605079-81dd-45c5-9fcd-f6acdb4f7328",
              "parentUUID": "a9bd32c4-9e4c-440d-aebe-88dd6d12343a",
              "isHook": false,
              "skipped": false
            }
          ],
          "suites": [],
          "passes": [
            "26bc0469-ab73-4f96-9983-905315fcbe51",
            "6f41f3bb-bffa-41f3-906c-a58dc81e8393",
            "1b8b4714-64e2-4e4a-b3d1-f9be07946df1",
            "d0d9973d-c77c-4220-a078-d248252d07fe",
            "11b6cfec-22e4-4c30-89f2-b78b77471e94",
            "29cc63e4-8802-4098-92e5-032bdc08c3f0",
            "abcdf1b7-eba8-4343-a984-65d95b3919c4",
            "257a57ab-a142-49b2-be05-e11d1b36e0cf",
            "99c38a3b-c512-48a4-a07d-e3d45d91116c",
            "cef62789-5080-4695-96fb-47668812ea33",
            "af2525fb-2990-4128-9487-1f35de5071f2",
            "dd90b641-18da-4d2c-8432-25dbf0784abf",
            "4217cc74-64a5-4991-827f-2daa782500bc",
            "03605079-81dd-45c5-9fcd-f6acdb4f7328"
          ],
          "failures": [],
          "pending": [],
          "skipped": [],
          "duration": 419,
          "root": false,
          "rootEmpty": false,
          "_timeout": 30000
        },
        {
          "uuid": "1a4aa269-b40d-4092-8aed-0d0236865097",
          "title": "Bad Request to Get query SortBy Top Rated",
          "fullFile": "C:\\raizakurniawan\\apiTestbyMocha\\apiMythRepo\\get400.js",
          "file": "\\apiMythRepo\\get400.js",
          "beforeHooks": [],
          "afterHooks": [],
          "tests": [
            {
              "title": "Bad Request to Get Confirm Mythic Sorting List by Top Rated",
              "fullTitle": "Bad Request to Get query SortBy Top Rated Bad Request to Get Confirm Mythic Sorting List by Top Rated",
              "timedOut": false,
              "duration": 37,
              "state": "passed",
              "speed": "fast",
              "pass": true,
              "fail": false,
              "pending": false,
              "context": null,
              "code": "try {\n     const res = await axios.get(createURL('confirmed/mythic?sortBy=5'))\n     console.log(res.data)\n     expect(res.data.page);\n     expect.fail('400');\n} catch (error) {\n     expect(error.response.status).to.equal(400)    \n}",
              "err": {},
              "uuid": "6102d42a-69ad-4d9c-9839-e79006c0dcac",
              "parentUUID": "1a4aa269-b40d-4092-8aed-0d0236865097",
              "isHook": false,
              "skipped": false
            },
            {
              "title": "Bad Request to Get Unconfirm Mythic Sorting List by Top Rated",
              "fullTitle": "Bad Request to Get query SortBy Top Rated Bad Request to Get Unconfirm Mythic Sorting List by Top Rated",
              "timedOut": false,
              "duration": 23,
              "state": "passed",
              "speed": "fast",
              "pass": true,
              "fail": false,
              "pending": false,
              "context": null,
              "code": "try {\n     const res = await axios.get(createURL('unconfirmed/mythic?sortBy=5'))\n     console.log(res.data)\n     expect(res.data.page);\n     expect.fail('400');\n} catch (error) {\n     expect(error.response.status).to.equal(400)    \n}",
              "err": {},
              "uuid": "46109162-0a53-48c4-94a0-fb2852fc2eff",
              "parentUUID": "1a4aa269-b40d-4092-8aed-0d0236865097",
              "isHook": false,
              "skipped": false
            },
            {
              "title": "Bad Request to Get Confirm Casefile Sorting List by Top Rated",
              "fullTitle": "Bad Request to Get query SortBy Top Rated Bad Request to Get Confirm Casefile Sorting List by Top Rated",
              "timedOut": false,
              "duration": 24,
              "state": "passed",
              "speed": "fast",
              "pass": true,
              "fail": false,
              "pending": false,
              "context": null,
              "code": "try {\n     const res = await axios.get(createURL('confirmed/casefile?sortBy=5'))\n     console.log(res.data)\n     expect(res.data.page);\n     expect.fail('400');\n} catch (error) {\n     expect(error.response.status).to.equal(400)    \n}",
              "err": {},
              "uuid": "536764c3-0648-4b5b-9b60-ae3451135e6f",
              "parentUUID": "1a4aa269-b40d-4092-8aed-0d0236865097",
              "isHook": false,
              "skipped": false
            },
            {
              "title": "Bad Request to Get Unconfirm Casefile Sorting List by Top Rated",
              "fullTitle": "Bad Request to Get query SortBy Top Rated Bad Request to Get Unconfirm Casefile Sorting List by Top Rated",
              "timedOut": false,
              "duration": 22,
              "state": "passed",
              "speed": "fast",
              "pass": true,
              "fail": false,
              "pending": false,
              "context": null,
              "code": "try {\n     const res = await axios.get(createURL('unconfirmed/casefile?sortBy=5'))\n     console.log(res.data)\n     expect(res.data.page);\n     expect.fail('400');\n} catch (error) {\n     expect(error.response.status).to.equal(400)    \n}",
              "err": {},
              "uuid": "125d0733-b2a0-4ca5-910e-73d03ab52316",
              "parentUUID": "1a4aa269-b40d-4092-8aed-0d0236865097",
              "isHook": false,
              "skipped": false
            },
            {
              "title": "Bad Request to Get Confirm Dossier Sorting List by Top Rated",
              "fullTitle": "Bad Request to Get query SortBy Top Rated Bad Request to Get Confirm Dossier Sorting List by Top Rated",
              "timedOut": false,
              "duration": 25,
              "state": "passed",
              "speed": "fast",
              "pass": true,
              "fail": false,
              "pending": false,
              "context": null,
              "code": "try {\n     const res = await axios.get(createURL('confirmed/dossier?sortBy=5'))\n     console.log(res.data)\n     expect(res.data.page);\n     expect.fail('400');\n} catch (error) {\n     expect(error.response.status).to.equal(400)    \n}",
              "err": {},
              "uuid": "609f9983-ef64-4785-9266-4bfa07b9401d",
              "parentUUID": "1a4aa269-b40d-4092-8aed-0d0236865097",
              "isHook": false,
              "skipped": false
            },
            {
              "title": "Bad Request to Get Unconfirm Dossier Sorting List by Top Rated",
              "fullTitle": "Bad Request to Get query SortBy Top Rated Bad Request to Get Unconfirm Dossier Sorting List by Top Rated",
              "timedOut": false,
              "duration": 23,
              "state": "passed",
              "speed": "fast",
              "pass": true,
              "fail": false,
              "pending": false,
              "context": null,
              "code": "try {\n     const res = await axios.get(createURL('unconfirmed/dossier?sortBy=5'))\n     console.log(res.data)\n     expect(res.data.page);\n     expect.fail('400');\n} catch (error) {\n     expect(error.response.status).to.equal(400)    \n}",
              "err": {},
              "uuid": "10af3f41-8f0a-498a-839f-8560017d9dec",
              "parentUUID": "1a4aa269-b40d-4092-8aed-0d0236865097",
              "isHook": false,
              "skipped": false
            },
            {
              "title": "Bad Request to Get Confirm Addendum Sorting List by Top Rated",
              "fullTitle": "Bad Request to Get query SortBy Top Rated Bad Request to Get Confirm Addendum Sorting List by Top Rated",
              "timedOut": false,
              "duration": 24,
              "state": "passed",
              "speed": "fast",
              "pass": true,
              "fail": false,
              "pending": false,
              "context": null,
              "code": "try {\n     const res = await axios.get(createURL('confirmed/addendum?sortBy=5'))\n     console.log(res.data)\n     expect(res.data.page);\n     expect.fail('400');\n} catch (error) {\n     expect(error.response.status).to.equal(400)    \n}",
              "err": {},
              "uuid": "a41bdcf0-0e5f-440c-a7cf-481326dc288d",
              "parentUUID": "1a4aa269-b40d-4092-8aed-0d0236865097",
              "isHook": false,
              "skipped": false
            },
            {
              "title": "Bad Request to Get Unconfirm Addendum Sorting List by Top Rated",
              "fullTitle": "Bad Request to Get query SortBy Top Rated Bad Request to Get Unconfirm Addendum Sorting List by Top Rated",
              "timedOut": false,
              "duration": 24,
              "state": "passed",
              "speed": "fast",
              "pass": true,
              "fail": false,
              "pending": false,
              "context": null,
              "code": "try {\n     const res = await axios.get(createURL('unconfirmed/addendum?sortBy=5'))\n     console.log(res.data)\n     expect(res.data.page);\n     expect.fail('400');\n} catch (error) {\n     expect(error.response.status).to.equal(400)    \n}",
              "err": {},
              "uuid": "cd9345d6-13ef-46bd-a4a7-a4d37e98af96",
              "parentUUID": "1a4aa269-b40d-4092-8aed-0d0236865097",
              "isHook": false,
              "skipped": false
            }
          ],
          "suites": [],
          "passes": [
            "6102d42a-69ad-4d9c-9839-e79006c0dcac",
            "46109162-0a53-48c4-94a0-fb2852fc2eff",
            "536764c3-0648-4b5b-9b60-ae3451135e6f",
            "125d0733-b2a0-4ca5-910e-73d03ab52316",
            "609f9983-ef64-4785-9266-4bfa07b9401d",
            "10af3f41-8f0a-498a-839f-8560017d9dec",
            "a41bdcf0-0e5f-440c-a7cf-481326dc288d",
            "cd9345d6-13ef-46bd-a4a7-a4d37e98af96"
          ],
          "failures": [],
          "pending": [],
          "skipped": [],
          "duration": 202,
          "root": false,
          "rootEmpty": false,
          "_timeout": 30000
        },
        {
          "uuid": "df63c999-9c7f-4a90-8756-7dbdff50b4b6",
          "title": "Mythic Repository Get API 404 Response",
          "fullFile": "C:\\raizakurniawan\\apiTestbyMocha\\apiMythRepo\\get404.js",
          "file": "\\apiMythRepo\\get404.js",
          "beforeHooks": [],
          "afterHooks": [],
          "tests": [
            {
              "title": "Should not be able to get Confirm Mythic list 404",
              "fullTitle": "Mythic Repository Get API 404 Response Should not be able to get Confirm Mythic list 404",
              "timedOut": false,
              "duration": 23,
              "state": "passed",
              "speed": "fast",
              "pass": true,
              "fail": false,
              "pending": false,
              "context": null,
              "code": "try {\n    const res = await axios.get(createURL('confirmed/mythics'))\n    console.log(res.data)\n    expect(res.data.page);\n    expect.fail('404');\n    \n} catch (error) {\n    expect(error.response.status).to.equal(404);  \n}",
              "err": {},
              "uuid": "f2fc3797-4a97-4af0-9b36-058b77076111",
              "parentUUID": "df63c999-9c7f-4a90-8756-7dbdff50b4b6",
              "isHook": false,
              "skipped": false
            },
            {
              "title": "Should not be able to get Unconfirm Mythic list 404",
              "fullTitle": "Mythic Repository Get API 404 Response Should not be able to get Unconfirm Mythic list 404",
              "timedOut": false,
              "duration": 22,
              "state": "passed",
              "speed": "fast",
              "pass": true,
              "fail": false,
              "pending": false,
              "context": null,
              "code": "try {\n    const res = await axios.get(createURL('unconfirmed/mythics'))\n    console.log(res.data)\n    expect(res.data.page);\n    expect.fail('404');\n} catch (error) {\n    expect(error.response.status).to.equal(404);\n}",
              "err": {},
              "uuid": "7b992463-463b-4070-889b-c45982eb9aea",
              "parentUUID": "df63c999-9c7f-4a90-8756-7dbdff50b4b6",
              "isHook": false,
              "skipped": false
            },
            {
              "title": "Should not be able to get Mythic Detail 404 ",
              "fullTitle": "Mythic Repository Get API 404 Response Should not be able to get Mythic Detail 404 ",
              "timedOut": false,
              "duration": 739,
              "state": "passed",
              "speed": "slow",
              "pass": true,
              "fail": false,
              "pending": false,
              "context": null,
              "code": "try { \n    const res = await axios.get(createURL('mythic/M-10011245'))\n    console.log(res.data)\n    expect(res.data.page);\n    expect.fail('404');\n} catch (error) {\n    expect(error.response.status).to.equal(404);\n}",
              "err": {},
              "uuid": "e6022135-1a66-4211-b59c-5f2ccf9a7278",
              "parentUUID": "df63c999-9c7f-4a90-8756-7dbdff50b4b6",
              "isHook": false,
              "skipped": false
            },
            {
              "title": "Should not be able to get Confirm Casefile list 404",
              "fullTitle": "Mythic Repository Get API 404 Response Should not be able to get Confirm Casefile list 404",
              "timedOut": false,
              "duration": 22,
              "state": "passed",
              "speed": "fast",
              "pass": true,
              "fail": false,
              "pending": false,
              "context": null,
              "code": "try {\n    const res = await axios.get(createURL('confirmed/casefiles'))\n    console.log(res.data)\n    expect(res.data.page);\n    expect.fail('404');\n} catch (error) {\n    expect(error.response.status).to.equal(404)\n}",
              "err": {},
              "uuid": "93e69b3d-e2a7-4b91-9ad7-a2bb873b05ba",
              "parentUUID": "df63c999-9c7f-4a90-8756-7dbdff50b4b6",
              "isHook": false,
              "skipped": false
            },
            {
              "title": "Should not be able to get Unconfirm Casefile list 404",
              "fullTitle": "Mythic Repository Get API 404 Response Should not be able to get Unconfirm Casefile list 404",
              "timedOut": false,
              "duration": 22,
              "state": "passed",
              "speed": "fast",
              "pass": true,
              "fail": false,
              "pending": false,
              "context": null,
              "code": "try {\n    const res = await axios.get(createURL('unconfirmed/casefiles'))\n    console.log(res.data)\n    expect(res.data.page);\n    expect.fail('404');\n} catch (error) {\n    expect(error.response.status).to.equal(404)\n}",
              "err": {},
              "uuid": "95c9cd0d-a101-4a75-ab06-4ec7b6b55d0e",
              "parentUUID": "df63c999-9c7f-4a90-8756-7dbdff50b4b6",
              "isHook": false,
              "skipped": false
            },
            {
              "title": "Should not be able to get Casefile Detail 404",
              "fullTitle": "Mythic Repository Get API 404 Response Should not be able to get Casefile Detail 404",
              "timedOut": false,
              "duration": 1476,
              "state": "passed",
              "speed": "slow",
              "pass": true,
              "fail": false,
              "pending": false,
              "context": null,
              "code": "try {\n    const res = await axios.get(createURL('casefile/C-10022342'))\n    console.log(res.data)\n    expect(res.data.page);\n    expect.fail('404');\n} catch (error) {\n    expect(error.response.status).to.equal(404)\n}",
              "err": {},
              "uuid": "5a2e2eea-800f-4e1e-a3df-4157d19f803d",
              "parentUUID": "df63c999-9c7f-4a90-8756-7dbdff50b4b6",
              "isHook": false,
              "skipped": false
            },
            {
              "title": "Should not be able to get Confirm Dossier list 404 ",
              "fullTitle": "Mythic Repository Get API 404 Response Should not be able to get Confirm Dossier list 404 ",
              "timedOut": false,
              "duration": 25,
              "state": "passed",
              "speed": "fast",
              "pass": true,
              "fail": false,
              "pending": false,
              "context": null,
              "code": "try {\n    const res = await axios.get(createURL('confirmed/dossiers'))\n    console.log(res.data)\n    expect(res.data.page);\n    expect.fail('404');\n} catch (error) {\n    expect(error.response.status).to.equal(404)\n}",
              "err": {},
              "uuid": "aa9e169f-c3c4-4965-918f-c47ceb82f3bd",
              "parentUUID": "df63c999-9c7f-4a90-8756-7dbdff50b4b6",
              "isHook": false,
              "skipped": false
            },
            {
              "title": "Should not be able to get Unconfirm Dossier list 404",
              "fullTitle": "Mythic Repository Get API 404 Response Should not be able to get Unconfirm Dossier list 404",
              "timedOut": false,
              "duration": 64,
              "state": "passed",
              "speed": "medium",
              "pass": true,
              "fail": false,
              "pending": false,
              "context": null,
              "code": "try {\n    const res = await axios.get(createURL('unconfirmed/dossiers'))\n    console.log(res.data)\n    expect(res.data.page);\n    expect.fail('404');\n} catch (error) {\n    expect(error.response.status).to.equal(404)\n}",
              "err": {},
              "uuid": "ed88f57d-8c39-4d2e-99ec-3a90a6f7f527",
              "parentUUID": "df63c999-9c7f-4a90-8756-7dbdff50b4b6",
              "isHook": false,
              "skipped": false
            },
            {
              "title": "Should not be able to get Dossier Detail 404",
              "fullTitle": "Mythic Repository Get API 404 Response Should not be able to get Dossier Detail 404",
              "timedOut": false,
              "duration": 291,
              "state": "passed",
              "speed": "slow",
              "pass": true,
              "fail": false,
              "pending": false,
              "context": null,
              "code": "try {\n    const res = await axios.get(createURL('dossier/D-100223432'))\n    console.log(res.data)\n    expect(res.data.page);\n    expect.fail('404');\n} catch (error) {\n    expect(error.response.status).to.equal(404)\n}",
              "err": {},
              "uuid": "70ff2f74-df93-4e13-b814-8851b8ce1e8d",
              "parentUUID": "df63c999-9c7f-4a90-8756-7dbdff50b4b6",
              "isHook": false,
              "skipped": false
            },
            {
              "title": "Should not be able to get Confirm Addendum list 404",
              "fullTitle": "Mythic Repository Get API 404 Response Should not be able to get Confirm Addendum list 404",
              "timedOut": false,
              "duration": 23,
              "state": "passed",
              "speed": "fast",
              "pass": true,
              "fail": false,
              "pending": false,
              "context": null,
              "code": "try {\n    const res = await axios.get(createURL('confirmed/addendumss'))\n    console.log(res.data)\n    expect(res.data.page);\n    expect.fail('404');\n} catch (error) {\n    expect(error.response.status).to.equal(404)\n}",
              "err": {},
              "uuid": "9c51d76a-ea64-454e-9023-e19fa6d8f8bc",
              "parentUUID": "df63c999-9c7f-4a90-8756-7dbdff50b4b6",
              "isHook": false,
              "skipped": false
            },
            {
              "title": "Should not be able to get Unconfirm Addendum list 404",
              "fullTitle": "Mythic Repository Get API 404 Response Should not be able to get Unconfirm Addendum list 404",
              "timedOut": false,
              "duration": 22,
              "state": "passed",
              "speed": "fast",
              "pass": true,
              "fail": false,
              "pending": false,
              "context": null,
              "code": "try {\n    const res = await axios.get(createURL('uconfirmed/addendumss'))\n    console.log(res.data)\n    expect(res.data.page);\n    expect.fail('404');\n} catch (error) {\n    expect(error.response.status).to.equal(404)\n}",
              "err": {},
              "uuid": "b0d6a833-b69d-4774-aa9a-514fcf979132",
              "parentUUID": "df63c999-9c7f-4a90-8756-7dbdff50b4b6",
              "isHook": false,
              "skipped": false
            },
            {
              "title": "Should not be able to get Addendum Detail ",
              "fullTitle": "Mythic Repository Get API 404 Response Should not be able to get Addendum Detail ",
              "timedOut": false,
              "duration": 865,
              "state": "passed",
              "speed": "slow",
              "pass": true,
              "fail": false,
              "pending": false,
              "context": null,
              "code": "try {\n    const res = await axios.get(createURL('addendum/A-1001-232011-01'))\n    console.log(res.data)\n    expect(res.data.page);\n    expect.fail('404');\n} catch (error) {\n    expect(error.response.status).to.equal(404)\n}",
              "err": {},
              "uuid": "d217af95-67e2-4c34-b7eb-9568a8a1269a",
              "parentUUID": "df63c999-9c7f-4a90-8756-7dbdff50b4b6",
              "isHook": false,
              "skipped": false
            },
            {
              "title": "Home page Top Rated 404 ",
              "fullTitle": "Mythic Repository Get API 404 Response Home page Top Rated 404 ",
              "timedOut": false,
              "duration": 26,
              "state": "passed",
              "speed": "fast",
              "pass": true,
              "fail": false,
              "pending": false,
              "context": null,
              "code": "try {\n    const res = await axios.get(createURL('home/tops-rated'))\n    console.log(res.data)\n    expect(res.data.page);\n    expect.fail('404');\n} catch (error) {\n    expect(error.response.status).to.equal(404)\n}",
              "err": {},
              "uuid": "653a2835-1783-4a85-a194-e9ce3d2669fd",
              "parentUUID": "df63c999-9c7f-4a90-8756-7dbdff50b4b6",
              "isHook": false,
              "skipped": false
            },
            {
              "title": "Home page Last Confirmed 404 ",
              "fullTitle": "Mythic Repository Get API 404 Response Home page Last Confirmed 404 ",
              "timedOut": false,
              "duration": 24,
              "state": "passed",
              "speed": "fast",
              "pass": true,
              "fail": false,
              "pending": false,
              "context": null,
              "code": "try {\n    const res = await axios.get(createURL('home/last-confirmedss'))\n    console.log(res.data)\n    expect(res.data.page);\n    expect.fail('404');\n} catch (error) {\n    expect(error.response.status).to.equal(404)\n}",
              "err": {},
              "uuid": "6fcd8f08-1f4e-4462-9f21-7b467451e6ae",
              "parentUUID": "df63c999-9c7f-4a90-8756-7dbdff50b4b6",
              "isHook": false,
              "skipped": false
            }
          ],
          "suites": [],
          "passes": [
            "f2fc3797-4a97-4af0-9b36-058b77076111",
            "7b992463-463b-4070-889b-c45982eb9aea",
            "e6022135-1a66-4211-b59c-5f2ccf9a7278",
            "93e69b3d-e2a7-4b91-9ad7-a2bb873b05ba",
            "95c9cd0d-a101-4a75-ab06-4ec7b6b55d0e",
            "5a2e2eea-800f-4e1e-a3df-4157d19f803d",
            "aa9e169f-c3c4-4965-918f-c47ceb82f3bd",
            "ed88f57d-8c39-4d2e-99ec-3a90a6f7f527",
            "70ff2f74-df93-4e13-b814-8851b8ce1e8d",
            "9c51d76a-ea64-454e-9023-e19fa6d8f8bc",
            "b0d6a833-b69d-4774-aa9a-514fcf979132",
            "d217af95-67e2-4c34-b7eb-9568a8a1269a",
            "653a2835-1783-4a85-a194-e9ce3d2669fd",
            "6fcd8f08-1f4e-4462-9f21-7b467451e6ae"
          ],
          "failures": [],
          "pending": [],
          "skipped": [],
          "duration": 3644,
          "root": false,
          "rootEmpty": false,
          "_timeout": 30000
        }
      ],
      "passes": [],
      "failures": [],
      "pending": [],
      "skipped": [],
      "duration": 0,
      "root": true,
      "rootEmpty": true,
      "_timeout": 30000
    }
  ],
  "meta": {
    "mocha": {
      "version": "10.2.0"
    },
    "mochawesome": {
      "options": {
        "quiet": false,
        "reportFilename": "mochawesome",
        "saveHtml": true,
        "saveJson": true,
        "consoleReporter": "spec",
        "useInlineDiffs": false,
        "code": true
      },
      "version": "7.1.3"
    },
    "marge": {
      "options": null,
      "version": "6.2.0"
    }
  }
}