{
  "stats": {
    "suites": 4,
    "tests": 32,
    "passes": 32,
    "pending": 0,
    "failures": 0,
    "start": "2023-12-19T02:55:46.979Z",
    "end": "2023-12-19T02:55:48.025Z",
    "duration": 1046,
    "testsRegistered": 32,
    "passPercent": 100,
    "pendingPercent": 0,
    "other": 0,
    "hasOther": false,
    "skipped": 0,
    "hasSkipped": false
  },
  "results": [
    {
      "uuid": "4e68bfd9-6eed-44b4-85b8-cd01e6524d26",
      "title": "",
      "fullFile": "",
      "file": "",
      "beforeHooks": [],
      "afterHooks": [],
      "tests": [],
      "suites": [
        {
          "uuid": "d6e125ec-8971-4054-b1b5-356d1821bc7d",
          "title": "Get query SortBy Top Rated",
          "fullFile": "D:\\apiTest\\apitestMR\\apiMythRepo\\dev\\get-query-sortby.js",
          "file": "\\apiMythRepo\\dev\\get-query-sortby.js",
          "beforeHooks": [],
          "afterHooks": [],
          "tests": [
            {
              "title": "Get Confirm Mythic Sorting List by Top Rated",
              "fullTitle": "Get query SortBy Top Rated Get Confirm Mythic Sorting List by Top Rated",
              "timedOut": false,
              "duration": 159,
              "state": "passed",
              "speed": "slow",
              "pass": true,
              "fail": false,
              "pending": false,
              "context": null,
              "code": "const res = await axios.get(createURL('confirmed/mythic'), { sortBy: 'TOPRATED'})\nconsole.log(res.data)\nexpect(res.data.page);\nexpect(res.status).to.equal(200);",
              "err": {},
              "uuid": "237290ca-0256-46d9-85c7-bdecfbc3b587",
              "parentUUID": "d6e125ec-8971-4054-b1b5-356d1821bc7d",
              "isHook": false,
              "skipped": false
            },
            {
              "title": "Get Unconfirm Mythic Sorting List by Top Rated",
              "fullTitle": "Get query SortBy Top Rated Get Unconfirm Mythic Sorting List by Top Rated",
              "timedOut": false,
              "duration": 31,
              "state": "passed",
              "speed": "fast",
              "pass": true,
              "fail": false,
              "pending": false,
              "context": null,
              "code": "const res = await axios.get(createURL('unconfirmed/mythic'), { sortBy: 'TOPRATED'})\nconsole.log(res.data)\nexpect(res.data.page);\nexpect(res.status).to.equal(200);",
              "err": {},
              "uuid": "fcbaa749-68a8-448f-ad93-6ca940d95395",
              "parentUUID": "d6e125ec-8971-4054-b1b5-356d1821bc7d",
              "isHook": false,
              "skipped": false
            },
            {
              "title": "Get Confirm Casefile Sorting List by Top Rated",
              "fullTitle": "Get query SortBy Top Rated Get Confirm Casefile Sorting List by Top Rated",
              "timedOut": false,
              "duration": 31,
              "state": "passed",
              "speed": "fast",
              "pass": true,
              "fail": false,
              "pending": false,
              "context": null,
              "code": "const res = await axios.get(createURL('confirmed/casefile'), { sortBy: 'TOPRATED'})\nconsole.log(res.data)\nexpect(res.data.page);\nexpect(res.status).to.equal(200);",
              "err": {},
              "uuid": "bcc365f2-08ce-46d2-9f26-100beeb9b0b7",
              "parentUUID": "d6e125ec-8971-4054-b1b5-356d1821bc7d",
              "isHook": false,
              "skipped": false
            },
            {
              "title": "Get Unconfirm Casefile Sorting List by Top Rated",
              "fullTitle": "Get query SortBy Top Rated Get Unconfirm Casefile Sorting List by Top Rated",
              "timedOut": false,
              "duration": 30,
              "state": "passed",
              "speed": "fast",
              "pass": true,
              "fail": false,
              "pending": false,
              "context": null,
              "code": "const res = await axios.get(createURL('unconfirmed/casefile'), { sortBy: 'TOPRATED'})\nconsole.log(res.data)\nexpect(res.data.page);\nexpect(res.status).to.equal(200);",
              "err": {},
              "uuid": "ad8876c2-97ff-49ce-88fd-8ef0c0d33f45",
              "parentUUID": "d6e125ec-8971-4054-b1b5-356d1821bc7d",
              "isHook": false,
              "skipped": false
            },
            {
              "title": "Get Confirm Dossier Sorting List by Top Rated",
              "fullTitle": "Get query SortBy Top Rated Get Confirm Dossier Sorting List by Top Rated",
              "timedOut": false,
              "duration": 28,
              "state": "passed",
              "speed": "fast",
              "pass": true,
              "fail": false,
              "pending": false,
              "context": null,
              "code": "const res = await axios.get(createURL('confirmed/dossier'), { sortBy: 'TOPRATED'})\nconsole.log(res.data)\nexpect(res.data.page);\nexpect(res.status).to.equal(200);",
              "err": {},
              "uuid": "938cdfc5-b403-4882-950d-ffe7910c5a8a",
              "parentUUID": "d6e125ec-8971-4054-b1b5-356d1821bc7d",
              "isHook": false,
              "skipped": false
            },
            {
              "title": "Get Unconfirm Dossier Sorting List by Top Rated",
              "fullTitle": "Get query SortBy Top Rated Get Unconfirm Dossier Sorting List by Top Rated",
              "timedOut": false,
              "duration": 29,
              "state": "passed",
              "speed": "fast",
              "pass": true,
              "fail": false,
              "pending": false,
              "context": null,
              "code": "const res = await axios.get(createURL('unconfirmed/dossier'), { sortBy: 'TOPRATED'})\nconsole.log(res.data)\nexpect(res.data.page);\nexpect(res.status).to.equal(200);",
              "err": {},
              "uuid": "6921aefc-424d-4762-91af-4966d5f2859a",
              "parentUUID": "d6e125ec-8971-4054-b1b5-356d1821bc7d",
              "isHook": false,
              "skipped": false
            },
            {
              "title": "Get Confirm Addendum Sorting List by Top Rated",
              "fullTitle": "Get query SortBy Top Rated Get Confirm Addendum Sorting List by Top Rated",
              "timedOut": false,
              "duration": 26,
              "state": "passed",
              "speed": "fast",
              "pass": true,
              "fail": false,
              "pending": false,
              "context": null,
              "code": "const res = await axios.get(createURL('confirmed/addendum'), { sortBy: 'TOPRATED'})\nconsole.log(res.data)\nexpect(res.data.page);\nexpect(res.status).to.equal(200);",
              "err": {},
              "uuid": "60e65566-b158-4107-91b1-bfa7c6d9d85a",
              "parentUUID": "d6e125ec-8971-4054-b1b5-356d1821bc7d",
              "isHook": false,
              "skipped": false
            },
            {
              "title": "Get Unconfirm Addendum Sorting List by Top Rated",
              "fullTitle": "Get query SortBy Top Rated Get Unconfirm Addendum Sorting List by Top Rated",
              "timedOut": false,
              "duration": 27,
              "state": "passed",
              "speed": "fast",
              "pass": true,
              "fail": false,
              "pending": false,
              "context": null,
              "code": "const res = await axios.get(createURL('unconfirmed/addendum'), { sortBy: 'TOPRATED'})\nconsole.log(res.data)\nexpect(res.data.page);\nexpect(res.status).to.equal(200);",
              "err": {},
              "uuid": "23c83ccd-a0da-475a-bb4e-7bfc664ce32a",
              "parentUUID": "d6e125ec-8971-4054-b1b5-356d1821bc7d",
              "isHook": false,
              "skipped": false
            }
          ],
          "suites": [],
          "passes": [
            "237290ca-0256-46d9-85c7-bdecfbc3b587",
            "fcbaa749-68a8-448f-ad93-6ca940d95395",
            "bcc365f2-08ce-46d2-9f26-100beeb9b0b7",
            "ad8876c2-97ff-49ce-88fd-8ef0c0d33f45",
            "938cdfc5-b403-4882-950d-ffe7910c5a8a",
            "6921aefc-424d-4762-91af-4966d5f2859a",
            "60e65566-b158-4107-91b1-bfa7c6d9d85a",
            "23c83ccd-a0da-475a-bb4e-7bfc664ce32a"
          ],
          "failures": [],
          "pending": [],
          "skipped": [],
          "duration": 361,
          "root": false,
          "rootEmpty": false,
          "_timeout": 30000
        },
        {
          "uuid": "5d015937-b14d-4bec-a9e3-e9dd9738b26a",
          "title": "Get query SortBy Lowest Code",
          "fullFile": "D:\\apiTest\\apitestMR\\apiMythRepo\\dev\\get-query-sortby.js",
          "file": "\\apiMythRepo\\dev\\get-query-sortby.js",
          "beforeHooks": [],
          "afterHooks": [],
          "tests": [
            {
              "title": "Get Confirm Mythic Sorting List by Lowest Code",
              "fullTitle": "Get query SortBy Lowest Code Get Confirm Mythic Sorting List by Lowest Code",
              "timedOut": false,
              "duration": 29,
              "state": "passed",
              "speed": "fast",
              "pass": true,
              "fail": false,
              "pending": false,
              "context": null,
              "code": "const res = await axios.get(createURL('confirmed/mythic'), { sortBy: 'LOWESTCODE'})\nconsole.log(res.data)\nexpect(res.data.page);\nexpect(res.status).to.equal(200);",
              "err": {},
              "uuid": "7f5129b5-dc10-4564-b601-a001fac7631c",
              "parentUUID": "5d015937-b14d-4bec-a9e3-e9dd9738b26a",
              "isHook": false,
              "skipped": false
            },
            {
              "title": "Get Unconfirm Mythic Sorting List by Lowest Code",
              "fullTitle": "Get query SortBy Lowest Code Get Unconfirm Mythic Sorting List by Lowest Code",
              "timedOut": false,
              "duration": 33,
              "state": "passed",
              "speed": "fast",
              "pass": true,
              "fail": false,
              "pending": false,
              "context": null,
              "code": "const res = await axios.get(createURL('unconfirmed/mythic'), { sortBy: 'LOWESTCODE'})\nconsole.log(res.data)\nexpect(res.data.page);\nexpect(res.status).to.equal(200);",
              "err": {},
              "uuid": "e01b3da5-565a-4a21-b447-5d2a1685af6f",
              "parentUUID": "5d015937-b14d-4bec-a9e3-e9dd9738b26a",
              "isHook": false,
              "skipped": false
            },
            {
              "title": "Get Confirm Casefile Sorting List by Lowest Code",
              "fullTitle": "Get query SortBy Lowest Code Get Confirm Casefile Sorting List by Lowest Code",
              "timedOut": false,
              "duration": 28,
              "state": "passed",
              "speed": "fast",
              "pass": true,
              "fail": false,
              "pending": false,
              "context": null,
              "code": "const res = await axios.get(createURL('confirmed/casefile'), { sortBy: 'LOWESTCODE'})\nconsole.log(res.data)\nexpect(res.data.page);\nexpect(res.status).to.equal(200);",
              "err": {},
              "uuid": "03ceb3ed-62e6-4823-87a4-501b61dd08f5",
              "parentUUID": "5d015937-b14d-4bec-a9e3-e9dd9738b26a",
              "isHook": false,
              "skipped": false
            },
            {
              "title": "Get Unconfirm Casefile Sorting List by Lowest Code",
              "fullTitle": "Get query SortBy Lowest Code Get Unconfirm Casefile Sorting List by Lowest Code",
              "timedOut": false,
              "duration": 27,
              "state": "passed",
              "speed": "fast",
              "pass": true,
              "fail": false,
              "pending": false,
              "context": null,
              "code": "const res = await axios.get(createURL('unconfirmed/casefile'), { sortBy: 'LOWESTCODE'})\nconsole.log(res.data)\nexpect(res.data.page);\nexpect(res.status).to.equal(200);",
              "err": {},
              "uuid": "1515bee2-c51a-4014-a5a5-b7ac956de701",
              "parentUUID": "5d015937-b14d-4bec-a9e3-e9dd9738b26a",
              "isHook": false,
              "skipped": false
            },
            {
              "title": "Get Confirm Dossier Sorting List by Lowest Code",
              "fullTitle": "Get query SortBy Lowest Code Get Confirm Dossier Sorting List by Lowest Code",
              "timedOut": false,
              "duration": 26,
              "state": "passed",
              "speed": "fast",
              "pass": true,
              "fail": false,
              "pending": false,
              "context": null,
              "code": "const res = await axios.get(createURL('confirmed/dossier'), { sortBy: 'LOWESTCODE'})\nconsole.log(res.data)\nexpect(res.data.page);\nexpect(res.status).to.equal(200);",
              "err": {},
              "uuid": "2cf437d4-3ee4-4bd9-bed6-520eaf686cf1",
              "parentUUID": "5d015937-b14d-4bec-a9e3-e9dd9738b26a",
              "isHook": false,
              "skipped": false
            },
            {
              "title": "Get Unconfirm Dossier Sorting List by Lowest Code",
              "fullTitle": "Get query SortBy Lowest Code Get Unconfirm Dossier Sorting List by Lowest Code",
              "timedOut": false,
              "duration": 27,
              "state": "passed",
              "speed": "fast",
              "pass": true,
              "fail": false,
              "pending": false,
              "context": null,
              "code": "const res = await axios.get(createURL('unconfirmed/dossier'), { sortBy: 'LOWESTCODE'})\nconsole.log(res.data)\nexpect(res.data.page);\nexpect(res.status).to.equal(200);",
              "err": {},
              "uuid": "fafbbfd5-7f8e-4fab-bf40-35fa922c15f6",
              "parentUUID": "5d015937-b14d-4bec-a9e3-e9dd9738b26a",
              "isHook": false,
              "skipped": false
            },
            {
              "title": "Get Confirm Addendum Sorting List by Lowest Code",
              "fullTitle": "Get query SortBy Lowest Code Get Confirm Addendum Sorting List by Lowest Code",
              "timedOut": false,
              "duration": 29,
              "state": "passed",
              "speed": "fast",
              "pass": true,
              "fail": false,
              "pending": false,
              "context": null,
              "code": "const res = await axios.get(createURL('confirmed/addendum'), { sortBy: 'LOWESTCODE'})\nconsole.log(res.data)\nexpect(res.data.page);\nexpect(res.status).to.equal(200);",
              "err": {},
              "uuid": "b1d8732f-2916-4894-808f-19cce1e7020a",
              "parentUUID": "5d015937-b14d-4bec-a9e3-e9dd9738b26a",
              "isHook": false,
              "skipped": false
            },
            {
              "title": "Get Unconfirm Addendum Sorting List by Lowest Code",
              "fullTitle": "Get query SortBy Lowest Code Get Unconfirm Addendum Sorting List by Lowest Code",
              "timedOut": false,
              "duration": 27,
              "state": "passed",
              "speed": "fast",
              "pass": true,
              "fail": false,
              "pending": false,
              "context": null,
              "code": "const res = await axios.get(createURL('unconfirmed/addendum'), { sortBy: 'LOWESTCODE'})\nconsole.log(res.data)\nexpect(res.data.page);\nexpect(res.status).to.equal(200);",
              "err": {},
              "uuid": "8c0b902a-4f28-411c-99c7-733d3a3aa120",
              "parentUUID": "5d015937-b14d-4bec-a9e3-e9dd9738b26a",
              "isHook": false,
              "skipped": false
            }
          ],
          "suites": [],
          "passes": [
            "7f5129b5-dc10-4564-b601-a001fac7631c",
            "e01b3da5-565a-4a21-b447-5d2a1685af6f",
            "03ceb3ed-62e6-4823-87a4-501b61dd08f5",
            "1515bee2-c51a-4014-a5a5-b7ac956de701",
            "2cf437d4-3ee4-4bd9-bed6-520eaf686cf1",
            "fafbbfd5-7f8e-4fab-bf40-35fa922c15f6",
            "b1d8732f-2916-4894-808f-19cce1e7020a",
            "8c0b902a-4f28-411c-99c7-733d3a3aa120"
          ],
          "failures": [],
          "pending": [],
          "skipped": [],
          "duration": 226,
          "root": false,
          "rootEmpty": false,
          "_timeout": 30000
        },
        {
          "uuid": "51faece8-5f55-4c65-9b15-7bbefb505da7",
          "title": "Get query SortBy Highest Code",
          "fullFile": "D:\\apiTest\\apitestMR\\apiMythRepo\\dev\\get-query-sortby.js",
          "file": "\\apiMythRepo\\dev\\get-query-sortby.js",
          "beforeHooks": [],
          "afterHooks": [],
          "tests": [
            {
              "title": "Get Confirm Mythic Sorting List by Highest Code",
              "fullTitle": "Get query SortBy Highest Code Get Confirm Mythic Sorting List by Highest Code",
              "timedOut": false,
              "duration": 27,
              "state": "passed",
              "speed": "fast",
              "pass": true,
              "fail": false,
              "pending": false,
              "context": null,
              "code": "const res = await axios.get(createURL('confirmed/mythic'), { sortBy: 'HIGHESTCODE'})\nconsole.log(res.data)\nexpect(res.data.page);\nexpect(res.status).to.equal(200);",
              "err": {},
              "uuid": "f9766a38-0914-4928-b9c7-a032d15dddc2",
              "parentUUID": "51faece8-5f55-4c65-9b15-7bbefb505da7",
              "isHook": false,
              "skipped": false
            },
            {
              "title": "Get Unconfirm Mythic Sorting List by Highest Code",
              "fullTitle": "Get query SortBy Highest Code Get Unconfirm Mythic Sorting List by Highest Code",
              "timedOut": false,
              "duration": 28,
              "state": "passed",
              "speed": "fast",
              "pass": true,
              "fail": false,
              "pending": false,
              "context": null,
              "code": "const res = await axios.get(createURL('unconfirmed/mythic'), { sortBy: 'HIGHESTCODE'})\nconsole.log(res.data)\nexpect(res.data.page);\nexpect(res.status).to.equal(200);",
              "err": {},
              "uuid": "4a14b91a-7395-444d-a23e-5f9e5b8d4c39",
              "parentUUID": "51faece8-5f55-4c65-9b15-7bbefb505da7",
              "isHook": false,
              "skipped": false
            },
            {
              "title": "Get Confirm Casefile Sorting List by Highest Code",
              "fullTitle": "Get query SortBy Highest Code Get Confirm Casefile Sorting List by Highest Code",
              "timedOut": false,
              "duration": 27,
              "state": "passed",
              "speed": "fast",
              "pass": true,
              "fail": false,
              "pending": false,
              "context": null,
              "code": "const res = await axios.get(createURL('confirmed/casefile'), { sortBy: 'HIGHESTCODE'})\nconsole.log(res.data)\nexpect(res.data.page);\nexpect(res.status).to.equal(200);",
              "err": {},
              "uuid": "bc6ddde7-913f-46e7-a956-e3a4a2cdb55e",
              "parentUUID": "51faece8-5f55-4c65-9b15-7bbefb505da7",
              "isHook": false,
              "skipped": false
            },
            {
              "title": "Get Unconfirm Casefile Sorting List by Highest Code",
              "fullTitle": "Get query SortBy Highest Code Get Unconfirm Casefile Sorting List by Highest Code",
              "timedOut": false,
              "duration": 26,
              "state": "passed",
              "speed": "fast",
              "pass": true,
              "fail": false,
              "pending": false,
              "context": null,
              "code": "const res = await axios.get(createURL('unconfirmed/casefile'), { sortBy: 'HIGHESTCODE'})\nconsole.log(res.data)\nexpect(res.data.page);\nexpect(res.status).to.equal(200);",
              "err": {},
              "uuid": "5fdacc76-7151-4f62-8767-fd4e3d995f20",
              "parentUUID": "51faece8-5f55-4c65-9b15-7bbefb505da7",
              "isHook": false,
              "skipped": false
            },
            {
              "title": "Get Confirm Dossier Sorting List by Highest Code",
              "fullTitle": "Get query SortBy Highest Code Get Confirm Dossier Sorting List by Highest Code",
              "timedOut": false,
              "duration": 26,
              "state": "passed",
              "speed": "fast",
              "pass": true,
              "fail": false,
              "pending": false,
              "context": null,
              "code": "const res = await axios.get(createURL('confirmed/dossier'), { sortBy: 'HIGHESTCODE'})\nconsole.log(res.data)\nexpect(res.data.page);\nexpect(res.status).to.equal(200);",
              "err": {},
              "uuid": "cb91e184-f8ec-452c-9639-94b7bb4bcb73",
              "parentUUID": "51faece8-5f55-4c65-9b15-7bbefb505da7",
              "isHook": false,
              "skipped": false
            },
            {
              "title": "Get Unconfirm Dossier Sorting List by Highest Code",
              "fullTitle": "Get query SortBy Highest Code Get Unconfirm Dossier Sorting List by Highest Code",
              "timedOut": false,
              "duration": 27,
              "state": "passed",
              "speed": "fast",
              "pass": true,
              "fail": false,
              "pending": false,
              "context": null,
              "code": "const res = await axios.get(createURL('unconfirmed/dossier'), { sortBy: 'HIGHESTCODE'})\nconsole.log(res.data)\nexpect(res.data.page);\nexpect(res.status).to.equal(200);",
              "err": {},
              "uuid": "234df11f-c523-4152-b8c5-f042e0f2c073",
              "parentUUID": "51faece8-5f55-4c65-9b15-7bbefb505da7",
              "isHook": false,
              "skipped": false
            },
            {
              "title": "Get Confirm Addendum Sorting List by Highest Code",
              "fullTitle": "Get query SortBy Highest Code Get Confirm Addendum Sorting List by Highest Code",
              "timedOut": false,
              "duration": 26,
              "state": "passed",
              "speed": "fast",
              "pass": true,
              "fail": false,
              "pending": false,
              "context": null,
              "code": "const res = await axios.get(createURL('confirmed/addendum'), { sortBy: 'HIGHESTCODE'})\nconsole.log(res.data)\nexpect(res.data.page);\nexpect(res.status).to.equal(200);",
              "err": {},
              "uuid": "f56f42f9-ba8a-4af3-a00b-baf3d97493bf",
              "parentUUID": "51faece8-5f55-4c65-9b15-7bbefb505da7",
              "isHook": false,
              "skipped": false
            },
            {
              "title": "Get Unconfirm Addendum Sorting List by Highest Code",
              "fullTitle": "Get query SortBy Highest Code Get Unconfirm Addendum Sorting List by Highest Code",
              "timedOut": false,
              "duration": 28,
              "state": "passed",
              "speed": "fast",
              "pass": true,
              "fail": false,
              "pending": false,
              "context": null,
              "code": "const res = await axios.get(createURL('unconfirmed/addendum'), { sortBy: 'HIGHESTCODE'})\nconsole.log(res.data)\nexpect(res.data.page);\nexpect(res.status).to.equal(200);",
              "err": {},
              "uuid": "43be5ee1-57e3-45d6-91c0-7e8f09e85af9",
              "parentUUID": "51faece8-5f55-4c65-9b15-7bbefb505da7",
              "isHook": false,
              "skipped": false
            }
          ],
          "suites": [],
          "passes": [
            "f9766a38-0914-4928-b9c7-a032d15dddc2",
            "4a14b91a-7395-444d-a23e-5f9e5b8d4c39",
            "bc6ddde7-913f-46e7-a956-e3a4a2cdb55e",
            "5fdacc76-7151-4f62-8767-fd4e3d995f20",
            "cb91e184-f8ec-452c-9639-94b7bb4bcb73",
            "234df11f-c523-4152-b8c5-f042e0f2c073",
            "f56f42f9-ba8a-4af3-a00b-baf3d97493bf",
            "43be5ee1-57e3-45d6-91c0-7e8f09e85af9"
          ],
          "failures": [],
          "pending": [],
          "skipped": [],
          "duration": 215,
          "root": false,
          "rootEmpty": false,
          "_timeout": 30000
        },
        {
          "uuid": "167b538d-f6c2-4dd3-98d0-ee2e00c08c2b",
          "title": "Get query SortBy Latest Submision Date",
          "fullFile": "D:\\apiTest\\apitestMR\\apiMythRepo\\dev\\get-query-sortby.js",
          "file": "\\apiMythRepo\\dev\\get-query-sortby.js",
          "beforeHooks": [],
          "afterHooks": [],
          "tests": [
            {
              "title": "Get Confirm Mythic Sorting List by Latest Submision Date",
              "fullTitle": "Get query SortBy Latest Submision Date Get Confirm Mythic Sorting List by Latest Submision Date",
              "timedOut": false,
              "duration": 26,
              "state": "passed",
              "speed": "fast",
              "pass": true,
              "fail": false,
              "pending": false,
              "context": null,
              "code": "const res = await axios.get(createURL('confirmed/mythic'), { sortBy: 'LATESSUBMISSIONDATE'})\nconsole.log(res.data)\nexpect(res.data.page);\nexpect(res.status).to.equal(200);",
              "err": {},
              "uuid": "77561f5e-8c57-41d0-ba3d-00333dfb68ea",
              "parentUUID": "167b538d-f6c2-4dd3-98d0-ee2e00c08c2b",
              "isHook": false,
              "skipped": false
            },
            {
              "title": "Get Unconfirm Mythic Sorting List by Latest Submision Date",
              "fullTitle": "Get query SortBy Latest Submision Date Get Unconfirm Mythic Sorting List by Latest Submision Date",
              "timedOut": false,
              "duration": 25,
              "state": "passed",
              "speed": "fast",
              "pass": true,
              "fail": false,
              "pending": false,
              "context": null,
              "code": "const res = await axios.get(createURL('unconfirmed/mythic'), { sortBy: 'LATESSUBMISSIONDATE'})\nconsole.log(res.data)\nexpect(res.data.page);\nexpect(res.status).to.equal(200);",
              "err": {},
              "uuid": "ee180def-c276-495d-a8fb-1d38a22792f6",
              "parentUUID": "167b538d-f6c2-4dd3-98d0-ee2e00c08c2b",
              "isHook": false,
              "skipped": false
            },
            {
              "title": "Get Confirm Casefile Sorting List by Latest Submision Date",
              "fullTitle": "Get query SortBy Latest Submision Date Get Confirm Casefile Sorting List by Latest Submision Date",
              "timedOut": false,
              "duration": 26,
              "state": "passed",
              "speed": "fast",
              "pass": true,
              "fail": false,
              "pending": false,
              "context": null,
              "code": "const res = await axios.get(createURL('confirmed/casefile'), { sortBy: 'LATESSUBMISSIONDATE'})\nconsole.log(res.data)\nexpect(res.data.page);\nexpect(res.status).to.equal(200);",
              "err": {},
              "uuid": "aa35a8a3-8755-463c-87c5-9e301c8dba28",
              "parentUUID": "167b538d-f6c2-4dd3-98d0-ee2e00c08c2b",
              "isHook": false,
              "skipped": false
            },
            {
              "title": "Get Unconfirm Casefile Sorting List by Latest Submision Date",
              "fullTitle": "Get query SortBy Latest Submision Date Get Unconfirm Casefile Sorting List by Latest Submision Date",
              "timedOut": false,
              "duration": 26,
              "state": "passed",
              "speed": "fast",
              "pass": true,
              "fail": false,
              "pending": false,
              "context": null,
              "code": "const res = await axios.get(createURL('unconfirmed/casefile'), { sortBy: 'LATESSUBMISSIONDATE'})\nconsole.log(res.data)\nexpect(res.data.page);\nexpect(res.status).to.equal(200);",
              "err": {},
              "uuid": "0eb7ebf3-7600-4fa4-9ab4-9e289bc0fb0c",
              "parentUUID": "167b538d-f6c2-4dd3-98d0-ee2e00c08c2b",
              "isHook": false,
              "skipped": false
            },
            {
              "title": "Get Confirm Dossier Sorting List by Latest Submision Date",
              "fullTitle": "Get query SortBy Latest Submision Date Get Confirm Dossier Sorting List by Latest Submision Date",
              "timedOut": false,
              "duration": 28,
              "state": "passed",
              "speed": "fast",
              "pass": true,
              "fail": false,
              "pending": false,
              "context": null,
              "code": "const res = await axios.get(createURL('confirmed/dossier'), { sortBy: 'LATESSUBMISSIONDATE'})\nconsole.log(res.data)\nexpect(res.data.page);\nexpect(res.status).to.equal(200);",
              "err": {},
              "uuid": "6940ee2c-9b45-4f4d-af12-f14dd1a83948",
              "parentUUID": "167b538d-f6c2-4dd3-98d0-ee2e00c08c2b",
              "isHook": false,
              "skipped": false
            },
            {
              "title": "Get Unconfirm Dossier Sorting List by Latest Submision Date",
              "fullTitle": "Get query SortBy Latest Submision Date Get Unconfirm Dossier Sorting List by Latest Submision Date",
              "timedOut": false,
              "duration": 27,
              "state": "passed",
              "speed": "fast",
              "pass": true,
              "fail": false,
              "pending": false,
              "context": null,
              "code": "const res = await axios.get(createURL('unconfirmed/dossier'), { sortBy: 'LATESSUBMISSIONDATE'})\nconsole.log(res.data)\nexpect(res.data.page);\nexpect(res.status).to.equal(200);",
              "err": {},
              "uuid": "c42f9334-9a37-48bd-9da4-a3b44f5f6201",
              "parentUUID": "167b538d-f6c2-4dd3-98d0-ee2e00c08c2b",
              "isHook": false,
              "skipped": false
            },
            {
              "title": "Get Confirm Addendum Sorting List by Latest Submision Date",
              "fullTitle": "Get query SortBy Latest Submision Date Get Confirm Addendum Sorting List by Latest Submision Date",
              "timedOut": false,
              "duration": 31,
              "state": "passed",
              "speed": "fast",
              "pass": true,
              "fail": false,
              "pending": false,
              "context": null,
              "code": "const res = await axios.get(createURL('confirmed/addendum'), { sortBy: 'LATESSUBMISSIONDATE'})\nconsole.log(res.data)\nexpect(res.data.page);\nexpect(res.status).to.equal(200);",
              "err": {},
              "uuid": "6abe7c49-bb00-4fe3-b14c-b1376ede6ab1",
              "parentUUID": "167b538d-f6c2-4dd3-98d0-ee2e00c08c2b",
              "isHook": false,
              "skipped": false
            },
            {
              "title": "Get Unconfirm Addendum Sorting List by Latest Submision Date",
              "fullTitle": "Get query SortBy Latest Submision Date Get Unconfirm Addendum Sorting List by Latest Submision Date",
              "timedOut": false,
              "duration": 26,
              "state": "passed",
              "speed": "fast",
              "pass": true,
              "fail": false,
              "pending": false,
              "context": null,
              "code": "const res = await axios.get(createURL('unconfirmed/addendum'), { sortBy: 'LATESSUBMISSIONDATE'})\nconsole.log(res.data)\nexpect(res.data.page);\nexpect(res.status).to.equal(200);",
              "err": {},
              "uuid": "124c8766-f4ca-44f2-b22c-643cc50c8875",
              "parentUUID": "167b538d-f6c2-4dd3-98d0-ee2e00c08c2b",
              "isHook": false,
              "skipped": false
            }
          ],
          "suites": [],
          "passes": [
            "77561f5e-8c57-41d0-ba3d-00333dfb68ea",
            "ee180def-c276-495d-a8fb-1d38a22792f6",
            "aa35a8a3-8755-463c-87c5-9e301c8dba28",
            "0eb7ebf3-7600-4fa4-9ab4-9e289bc0fb0c",
            "6940ee2c-9b45-4f4d-af12-f14dd1a83948",
            "c42f9334-9a37-48bd-9da4-a3b44f5f6201",
            "6abe7c49-bb00-4fe3-b14c-b1376ede6ab1",
            "124c8766-f4ca-44f2-b22c-643cc50c8875"
          ],
          "failures": [],
          "pending": [],
          "skipped": [],
          "duration": 215,
          "root": false,
          "rootEmpty": false,
          "_timeout": 30000
        }
      ],
      "passes": [],
      "failures": [],
      "pending": [],
      "skipped": [],
      "duration": 0,
      "root": true,
      "rootEmpty": true,
      "_timeout": 30000
    }
  ],
  "meta": {
    "mocha": {
      "version": "10.2.0"
    },
    "mochawesome": {
      "options": {
        "quiet": false,
        "reportFilename": "mochawesome",
        "saveHtml": true,
        "saveJson": true,
        "consoleReporter": "spec",
        "useInlineDiffs": false,
        "code": true
      },
      "version": "7.1.3"
    },
    "marge": {
      "options": null,
      "version": "6.2.0"
    }
  }
}