{
  "stats": {
    "suites": 4,
    "tests": 14,
    "passes": 10,
    "pending": 0,
    "failures": 4,
    "start": "2023-12-20T14:59:23.092Z",
    "end": "2023-12-20T14:59:26.997Z",
    "duration": 3905,
    "testsRegistered": 14,
    "passPercent": 71.42857142857143,
    "pendingPercent": 0,
    "other": 0,
    "hasOther": false,
    "skipped": 0,
    "hasSkipped": false
  },
  "results": [
    {
      "uuid": "eb54d1e8-a578-4e58-bee7-108639651aec",
      "title": "",
      "fullFile": "",
      "file": "",
      "beforeHooks": [],
      "afterHooks": [],
      "tests": [],
      "suites": [
        {
          "uuid": "1eb55291-baed-4d7a-ad4e-a6b953de19cb",
          "title": "Ascending and Descending Mythic Files",
          "fullFile": "D:\\apiTest\\apitestMR\\apiMythRepo\\dev\\ascdesSortv2.js",
          "file": "\\apiMythRepo\\dev\\ascdesSortv2.js",
          "beforeHooks": [],
          "afterHooks": [],
          "tests": [
            {
              "title": "Ascending in Confirmed Mythic Files",
              "fullTitle": "Ascending and Descending Mythic Files Ascending in Confirmed Mythic Files",
              "timedOut": false,
              "duration": 367,
              "state": "passed",
              "speed": "slow",
              "pass": true,
              "fail": false,
              "pending": false,
              "context": null,
              "code": "const conMythAsc = await axios.get(createURL('confirmed/mythic?sortBy=2'))\nconsole.log('Data from Mythic: ');\nconst mythicData = conMythAsc?.data?.mythic;\nconsole.log(conMythAsc.data.data.mythic);\nexpect(conMythAsc.status).to.equal(200);\n/* Verify, ensure that the Data is confirmed, isConfirmed: true*/\nconst conMythAscs = supertest(createURL('confirmed/mythic?sortBy=2'));\nconst responses = await conMythAscs.get(''); \nresponses.body.data.mythic.forEach(conMythAscs => {\n    console.log(\"Ensure that the Data isConfirmed: true \\n\" + \"actual --> \" + conMythAscs.code + \" \" + conMythAscs.isConfirmed);\n    expect(conMythAscs.isConfirmed).to.be.true;\n});",
              "err": {},
              "uuid": "63804ae8-ebcc-4734-b5e2-26d4a587eb91",
              "parentUUID": "1eb55291-baed-4d7a-ad4e-a6b953de19cb",
              "isHook": false,
              "skipped": false
            },
            {
              "title": "Descending in Confirmed Mythic Files",
              "fullTitle": "Ascending and Descending Mythic Files Descending in Confirmed Mythic Files",
              "timedOut": false,
              "duration": 1099,
              "state": "passed",
              "speed": "slow",
              "pass": true,
              "fail": false,
              "pending": false,
              "context": null,
              "code": "const conMythDesc = await axios.get(createURL('confirmed/mythic?sortBy=3'))\nconsole.log('Data from Mythic: ');\nconst mythicData = conMythDesc?.data?.mythic;\nconsole.log(conMythDesc.data.data.mythic);\nexpect(conMythDesc.status).to.equal(200);",
              "err": {},
              "uuid": "80e70b9e-f9e0-496c-bdef-2889e9bf1ab0",
              "parentUUID": "1eb55291-baed-4d7a-ad4e-a6b953de19cb",
              "isHook": false,
              "skipped": false
            },
            {
              "title": "Ascending in Unconfirmed Mythic Files",
              "fullTitle": "Ascending and Descending Mythic Files Ascending in Unconfirmed Mythic Files",
              "timedOut": false,
              "duration": 196,
              "state": "passed",
              "speed": "slow",
              "pass": true,
              "fail": false,
              "pending": false,
              "context": null,
              "code": "const unconMythAsc = await axios.get(createURL('unconfirmed/mythic?sortBy=2'))\nconsole.log('Data from Mythic: ');\nconst mythicData = unconMythAsc?.data?.mythic;\nconsole.log(unconMythAsc.data.data.mythic);\nexpect(unconMythAsc.status).to.equal(200);\n /* Verify, ensure that the Data is Unconfirmed, isConfirmed: false*/\n const unconMythAscs = supertest(createURL('unconfirmed/mythic?sortBy=2'));\n const responses = await unconMythAscs.get(''); \n responses.body.data.mythic.forEach(unconMythAscs => {\n     console.log(\"Ensure that the Data isConfirmed: false \\n\" + \"actual --> \" + unconMythAscs.code + \" \" + unconMythAscs.isConfirmed);\n     expect(unconMythAscs.isConfirmed).to.be.false;\n });",
              "err": {},
              "uuid": "e0a68137-cf8e-43b6-9e87-242e64694c3f",
              "parentUUID": "1eb55291-baed-4d7a-ad4e-a6b953de19cb",
              "isHook": false,
              "skipped": false
            },
            {
              "title": "Descending in Unconfirmed Mythic Files",
              "fullTitle": "Ascending and Descending Mythic Files Descending in Unconfirmed Mythic Files",
              "timedOut": false,
              "duration": 58,
              "state": "passed",
              "speed": "medium",
              "pass": true,
              "fail": false,
              "pending": false,
              "context": null,
              "code": "const unconMythDesc = await axios.get(createURL('unconfirmed/mythic?sortBy=3'))\nconsole.log('Data from Mythic: ');\nconst mythicData = unconMythDesc?.data?.mythic;\nconsole.log(unconMythDesc.data.data.mythic);\nexpect(unconMythDesc.status).to.equal(200);",
              "err": {},
              "uuid": "544cc27c-ceb5-47e4-ac85-bf36bc657994",
              "parentUUID": "1eb55291-baed-4d7a-ad4e-a6b953de19cb",
              "isHook": false,
              "skipped": false
            }
          ],
          "suites": [],
          "passes": [
            "63804ae8-ebcc-4734-b5e2-26d4a587eb91",
            "80e70b9e-f9e0-496c-bdef-2889e9bf1ab0",
            "e0a68137-cf8e-43b6-9e87-242e64694c3f",
            "544cc27c-ceb5-47e4-ac85-bf36bc657994"
          ],
          "failures": [],
          "pending": [],
          "skipped": [],
          "duration": 1720,
          "root": false,
          "rootEmpty": false,
          "_timeout": 20000
        },
        {
          "uuid": "c0884d8c-8947-4be9-ab68-182a3f329982",
          "title": "Ascending and Descending Casefiles",
          "fullFile": "D:\\apiTest\\apitestMR\\apiMythRepo\\dev\\ascdesSortv2.js",
          "file": "\\apiMythRepo\\dev\\ascdesSortv2.js",
          "beforeHooks": [],
          "afterHooks": [],
          "tests": [
            {
              "title": "Ascending in Confirmed Casefiles",
              "fullTitle": "Ascending and Descending Casefiles Ascending in Confirmed Casefiles",
              "timedOut": false,
              "duration": 138,
              "state": "passed",
              "speed": "slow",
              "pass": true,
              "fail": false,
              "pending": false,
              "context": null,
              "code": "const conCasfAsc = await axios.get(createURL('confirmed/casefile?sortBy=2'))\nconsole.log('Data from Casefile: ');\nconst casefileData = conCasfAsc?.data?.casefile;\nconsole.log(conCasfAsc.data.data.casefile);\nexpect(conCasfAsc.status).to.equal(200);\n/* Verify, ensure that the Data is confirmed, isConfirmed: true*/\nconst conCasfAscs = supertest(createURL('confirmed/casefile?sortBy=2'));\nconst responses = await conCasfAscs.get(''); \nresponses.body.data.casefile.forEach(conCasfAscs => {\n    console.log(\"Ensure that the Data isConfirmed: true \\n\" + \"actual --> \" + conCasfAscs.code + \" \" + conCasfAscs.isConfirmed);\n    expect(conCasfAscs.isConfirmed).to.be.true;\n});",
              "err": {},
              "uuid": "47cfa463-652e-4fd4-9fa7-94956c8bcd03",
              "parentUUID": "c0884d8c-8947-4be9-ab68-182a3f329982",
              "isHook": false,
              "skipped": false
            },
            {
              "title": "Descending in Confirmed Casefile",
              "fullTitle": "Ascending and Descending Casefiles Descending in Confirmed Casefile",
              "timedOut": false,
              "duration": 91,
              "state": "passed",
              "speed": "slow",
              "pass": true,
              "fail": false,
              "pending": false,
              "context": null,
              "code": "const conCasfDesc = await axios.get(createURL('confirmed/casefile?sortBy=3'))\nconsole.log('Data from Casefile: ');\nconst casefileData = conCasfDesc?.data?.casefile;\nconsole.log(conCasfDesc.data.data.casefile);\nexpect(conCasfDesc.status).to.equal(200);",
              "err": {},
              "uuid": "255da87b-aeba-4658-ba86-7e4f9fc49f61",
              "parentUUID": "c0884d8c-8947-4be9-ab68-182a3f329982",
              "isHook": false,
              "skipped": false
            },
            {
              "title": "Ascending in Unconfirmed Casefile",
              "fullTitle": "Ascending and Descending Casefiles Ascending in Unconfirmed Casefile",
              "timedOut": false,
              "duration": 166,
              "state": "failed",
              "speed": null,
              "pass": false,
              "fail": true,
              "pending": false,
              "context": null,
              "code": "const unconCaseAsc = await axios.get(createURL('unconfirmed/casefile?sortBy=2'))\nconsole.log('Data from Casefile: ');\nconst casefileData = unconCaseAsc?.data?.casefile;\nconsole.log(unconCaseAsc.data.data.casefile);\nexpect(unconCaseAsc.status).to.equal(200);\n/* Verify, ensure that the Data is Unconfirmed, isConfirmed: false*/\nconst unconCaseAscs = supertest(createURL('unconfirmed/casefile?sortBy=2'));\nconst responses = await unconCaseAscs.get(''); \nresponses.body.data.casefile.forEach(unconCaseAscs => {\n    console.log(\"Ensure that the Data isConfirmed: false \\n\" + \"actual --> \" + unconCaseAscs.code + \" \" + unconCaseAscs.isConfirmed);\n    expect(unconCaseAscs.isConfirmed).to.be.false;\n});",
              "err": {
                "message": "AssertionError: expected true to be false",
                "estack": "AssertionError: expected true to be false\n    at D:\\apiTest\\apitestMR\\apiMythRepo\\dev\\ascdesSortv2.js:97:52\n    at Array.forEach (<anonymous>)\n    at Context.<anonymous> (apiMythRepo\\dev\\ascdesSortv2.js:95:38)\n    at process.processTicksAndRejections (node:internal/process/task_queues:95:5)",
                "diff": "- true\n+ false\n"
              },
              "uuid": "e05cec0c-9665-41de-b4b7-d79c79e448f8",
              "parentUUID": "c0884d8c-8947-4be9-ab68-182a3f329982",
              "isHook": false,
              "skipped": false
            },
            {
              "title": "Descending in unconfirmed Casefile",
              "fullTitle": "Ascending and Descending Casefiles Descending in unconfirmed Casefile",
              "timedOut": false,
              "duration": 61,
              "state": "passed",
              "speed": "medium",
              "pass": true,
              "fail": false,
              "pending": false,
              "context": null,
              "code": "const unconCaseDesc = await axios.get(createURL('unconfirmed/casefile?sortBy=3'))\nconsole.log('Data from Casefile: ');\nconst mythicData = unconCaseDesc?.data?.casefile;\nconsole.log(unconCaseDesc.data.data.casefile);\nexpect(unconCaseDesc.status).to.equal(200);",
              "err": {},
              "uuid": "43aa3041-4a5c-490e-a900-ee971fc45ed2",
              "parentUUID": "c0884d8c-8947-4be9-ab68-182a3f329982",
              "isHook": false,
              "skipped": false
            }
          ],
          "suites": [],
          "passes": [
            "47cfa463-652e-4fd4-9fa7-94956c8bcd03",
            "255da87b-aeba-4658-ba86-7e4f9fc49f61",
            "43aa3041-4a5c-490e-a900-ee971fc45ed2"
          ],
          "failures": [
            "e05cec0c-9665-41de-b4b7-d79c79e448f8"
          ],
          "pending": [],
          "skipped": [],
          "duration": 456,
          "root": false,
          "rootEmpty": false,
          "_timeout": 20000
        },
        {
          "uuid": "596b9b74-5324-43e7-8983-1b6c40b7535e",
          "title": "Ascending and Descending Dossier",
          "fullFile": "D:\\apiTest\\apitestMR\\apiMythRepo\\dev\\ascdesSortv2.js",
          "file": "\\apiMythRepo\\dev\\ascdesSortv2.js",
          "beforeHooks": [],
          "afterHooks": [],
          "tests": [
            {
              "title": "Ascending in Confirmed Dossier",
              "fullTitle": "Ascending and Descending Dossier Ascending in Confirmed Dossier",
              "timedOut": false,
              "duration": 71,
              "state": "failed",
              "speed": null,
              "pass": false,
              "fail": true,
              "pending": false,
              "context": null,
              "code": "const conDosAsc = await axios.get(createURL('confirmed/dossier?sortBy=2'))\nconsole.log('Data from Dossier: ');\nconst dossierData = conDosAsc?.data?.dossier;\nconsole.log(conDosAsc.data.data.dossier);\nexpect(conDosAsc.status).to.equal(200);\n/* Verify, ensure that the Data is confirmed, isConfirmed: true*/\nconst conDosAscs = supertest(createURL('confirmed/dossier?sortBy=2'));\nconst responses = await conDosAscs.get(''); \nresponses.body.data.dossier.forEach(conDosAscs => {\n    console.log(\"Ensure that the Data isConfirmed: true \\n\" + \"actual --> \" + conDosAscs.code + \" \" + conDosAscs.isConfirmed);\n    expect(conDosAscs.isConfirmed).to.be.true;\n});",
              "err": {
                "message": "AxiosError: Request failed with status code 404",
                "estack": "AxiosError: Request failed with status code 404\n    at settle (node_modules\\axios\\dist\\node\\axios.cjs:1967:12)\n    at IncomingMessage.handleStreamEnd (node_modules\\axios\\dist\\node\\axios.cjs:3062:11)\n    at IncomingMessage.emit (node:events:531:35)\n    at endReadableNT (node:internal/streams/readable:1696:12)\n    at process.processTicksAndRejections (node:internal/process/task_queues:82:21)",
                "diff": null
              },
              "uuid": "e7222fff-bc61-4264-b7c2-5491d5ec2b3c",
              "parentUUID": "596b9b74-5324-43e7-8983-1b6c40b7535e",
              "isHook": false,
              "skipped": false
            },
            {
              "title": "Descending in Confirmed Dossier",
              "fullTitle": "Ascending and Descending Dossier Descending in Confirmed Dossier",
              "timedOut": false,
              "duration": 32,
              "state": "failed",
              "speed": null,
              "pass": false,
              "fail": true,
              "pending": false,
              "context": null,
              "code": "const conDosDesc = await axios.get(createURL('confirmed/dossier?sortBy=3'))\nconsole.log('Data from Casefile: ');\nconst dossierData = conDosDesc?.data?.dossier;\nconsole.log(conDosDesc.data.data.dossier);\nexpect(conDosDesc.status).to.equal(200);",
              "err": {
                "message": "AxiosError: Request failed with status code 404",
                "estack": "AxiosError: Request failed with status code 404\n    at settle (node_modules\\axios\\dist\\node\\axios.cjs:1967:12)\n    at IncomingMessage.handleStreamEnd (node_modules\\axios\\dist\\node\\axios.cjs:3062:11)\n    at IncomingMessage.emit (node:events:531:35)\n    at endReadableNT (node:internal/streams/readable:1696:12)\n    at process.processTicksAndRejections (node:internal/process/task_queues:82:21)",
                "diff": null
              },
              "uuid": "76c4c7ca-3939-4137-9dfb-d8cf6df641ac",
              "parentUUID": "596b9b74-5324-43e7-8983-1b6c40b7535e",
              "isHook": false,
              "skipped": false
            }
          ],
          "suites": [],
          "passes": [],
          "failures": [
            "e7222fff-bc61-4264-b7c2-5491d5ec2b3c",
            "76c4c7ca-3939-4137-9dfb-d8cf6df641ac"
          ],
          "pending": [],
          "skipped": [],
          "duration": 103,
          "root": false,
          "rootEmpty": false,
          "_timeout": 20000
        },
        {
          "uuid": "ce8da4d7-108c-421a-b9c6-43a332914283",
          "title": "Ascending and Descending Addendum",
          "fullFile": "D:\\apiTest\\apitestMR\\apiMythRepo\\dev\\ascdesSortv2.js",
          "file": "\\apiMythRepo\\dev\\ascdesSortv2.js",
          "beforeHooks": [],
          "afterHooks": [],
          "tests": [
            {
              "title": "Ascending in Confirmed Addendum",
              "fullTitle": "Ascending and Descending Addendum Ascending in Confirmed Addendum",
              "timedOut": false,
              "duration": 1135,
              "state": "passed",
              "speed": "slow",
              "pass": true,
              "fail": false,
              "pending": false,
              "context": null,
              "code": "const conAddAsc = await axios.get(createURL('confirmed/addendum?sortBy=2'))\nconsole.log('Data from Addendum: ');\nconst addendumData = conAddAsc?.data?.addendum;\nconsole.log(conAddAsc.data.data.addendum);\nexpect(conAddAsc.status).to.equal(200);\n/* Verify, ensure that the Data is confirmed, isConfirmed: true*/\nconst conAddAscs = supertest(createURL('confirmed/addendum?sortBy=2'));\nconst responses = await conAddAscs.get(''); \nresponses.body.data.addendum.forEach(conAddAscs => {\n    console.log(\"Ensure that the Data isConfirmed: true \\n\" + \"actual --> \" + conAddAscs.code + \" \" + conAddAscs.isConfirmed);\n    expect(conAddAscs.isConfirmed).to.be.true;\n});",
              "err": {},
              "uuid": "d96a1388-2f55-4fe6-877d-23babeceb88c",
              "parentUUID": "ce8da4d7-108c-421a-b9c6-43a332914283",
              "isHook": false,
              "skipped": false
            },
            {
              "title": "Descending in Confirmed Addendum",
              "fullTitle": "Ascending and Descending Addendum Descending in Confirmed Addendum",
              "timedOut": false,
              "duration": 78,
              "state": "passed",
              "speed": "slow",
              "pass": true,
              "fail": false,
              "pending": false,
              "context": null,
              "code": "const conAddDesc = await axios.get(createURL('confirmed/addendum?sortBy=3'))\nconsole.log('Data from Addendum: ');\nconst addendumeData = conAddDesc?.data?.addendum;\nconsole.log(conAddDesc.data.data.addendum);\nexpect(conAddDesc.status).to.equal(200);",
              "err": {},
              "uuid": "ffeb5aeb-3629-44a2-822f-259cc7840eb9",
              "parentUUID": "ce8da4d7-108c-421a-b9c6-43a332914283",
              "isHook": false,
              "skipped": false
            },
            {
              "title": "Ascending in Unconfirmed Addendum",
              "fullTitle": "Ascending and Descending Addendum Ascending in Unconfirmed Addendum",
              "timedOut": false,
              "duration": 308,
              "state": "failed",
              "speed": null,
              "pass": false,
              "fail": true,
              "pending": false,
              "context": null,
              "code": "const unconAddAsc = await axios.get(createURL('unconfirmed/addendum?sortBy=2'))\nconsole.log('Data from Addendum: ');\nconst addendumData = unconAddAsc?.data?.addendum;\nconsole.log(unconAddAsc.data.data.addendum);\nexpect(unconAddAsc.status).to.equal(200);\n/* Verify, ensure that the Data is Unconfirmed, isConfirmed: false*/\nconst unconAddAscs = supertest(createURL('unconfirmed/addendum?sortBy=2'));\nconst responses = await unconAddAscs.get(''); \nresponses.body.data.addendum.forEach(unconAddAscs => {\n    console.log(\"Ensure that the Data isConfirmed: false \\n\" + \"actual --> \" + unconAddAscs.code + \" \" + unconAddAscs.isConfirmed);\n    expect(unconAddAscs.isConfirmed).to.be.false;\n});",
              "err": {
                "message": "AssertionError: expected true to be false",
                "estack": "AssertionError: expected true to be false\n    at D:\\apiTest\\apitestMR\\apiMythRepo\\dev\\ascdesSortv2.js:207:51\n    at Array.forEach (<anonymous>)\n    at Context.<anonymous> (apiMythRepo\\dev\\ascdesSortv2.js:205:38)\n    at process.processTicksAndRejections (node:internal/process/task_queues:95:5)",
                "diff": "- true\n+ false\n"
              },
              "uuid": "dd055735-eabd-486f-9617-05de66df456e",
              "parentUUID": "ce8da4d7-108c-421a-b9c6-43a332914283",
              "isHook": false,
              "skipped": false
            },
            {
              "title": "Descending in unconfirmed Addendum",
              "fullTitle": "Ascending and Descending Addendum Descending in unconfirmed Addendum",
              "timedOut": false,
              "duration": 79,
              "state": "passed",
              "speed": "slow",
              "pass": true,
              "fail": false,
              "pending": false,
              "context": null,
              "code": "const unconAddDesc = await axios.get(createURL('unconfirmed/addendum?sortBy=3'))\nconsole.log('Data from Addendum: ');\nconst addendumData = unconAddDesc?.data?.addendum;\nconsole.log(unconAddDesc.data.data.addendum);\nexpect(unconAddDesc.status).to.equal(200);",
              "err": {},
              "uuid": "c59d6d61-61aa-469e-9b98-9ffc71de15b2",
              "parentUUID": "ce8da4d7-108c-421a-b9c6-43a332914283",
              "isHook": false,
              "skipped": false
            }
          ],
          "suites": [],
          "passes": [
            "d96a1388-2f55-4fe6-877d-23babeceb88c",
            "ffeb5aeb-3629-44a2-822f-259cc7840eb9",
            "c59d6d61-61aa-469e-9b98-9ffc71de15b2"
          ],
          "failures": [
            "dd055735-eabd-486f-9617-05de66df456e"
          ],
          "pending": [],
          "skipped": [],
          "duration": 1600,
          "root": false,
          "rootEmpty": false,
          "_timeout": 20000
        }
      ],
      "passes": [],
      "failures": [],
      "pending": [],
      "skipped": [],
      "duration": 0,
      "root": true,
      "rootEmpty": true,
      "_timeout": 20000
    }
  ],
  "meta": {
    "mocha": {
      "version": "10.2.0"
    },
    "mochawesome": {
      "options": {
        "quiet": false,
        "reportFilename": "mochawesome",
        "saveHtml": true,
        "saveJson": true,
        "consoleReporter": "spec",
        "useInlineDiffs": false,
        "code": true
      },
      "version": "7.1.3"
    },
    "marge": {
      "options": null,
      "version": "6.2.0"
    }
  }
}