{
  "stats": {
    "suites": 5,
    "tests": 48,
    "passes": 48,
    "pending": 0,
    "failures": 0,
    "start": "2023-12-17T12:19:59.154Z",
    "end": "2023-12-17T12:20:10.797Z",
    "duration": 11643,
    "testsRegistered": 48,
    "passPercent": 100,
    "pendingPercent": 0,
    "other": 0,
    "hasOther": false,
    "skipped": 0,
    "hasSkipped": false
  },
  "results": [
    {
      "uuid": "80ee200c-bb73-40f1-8b2a-b7f8897c6b54",
      "title": "",
      "fullFile": "",
      "file": "",
      "beforeHooks": [],
      "afterHooks": [],
      "tests": [],
      "suites": [
        {
          "uuid": "4a6450a4-23c1-47fd-af94-2991f1153931",
          "title": "Get Mythic List Sorted by Code Ascending and Descending",
          "fullFile": "D:\\apiTest\\apitestMR\\apiMythRepo\\dev\\asc-desSort.js",
          "file": "\\apiMythRepo\\dev\\asc-desSort.js",
          "beforeHooks": [
            {
              "title": "\"before each\" hook in \"Get Mythic List Sorted by Code Ascending and Descending\"",
              "fullTitle": "Get Mythic List Sorted by Code Ascending and Descending \"before each\" hook in \"Get Mythic List Sorted by Code Ascending and Descending\"",
              "timedOut": false,
              "duration": 27,
              "state": null,
              "speed": null,
              "pass": false,
              "fail": false,
              "pending": false,
              "context": null,
              "code": "apiResponse = await axios.get(createURL('confirmed/mythic?sortBy=2'));",
              "err": {},
              "uuid": "6410b942-6d12-4fb2-ade8-5b84fcd1e84a",
              "parentUUID": "4a6450a4-23c1-47fd-af94-2991f1153931",
              "isHook": true,
              "skipped": false
            },
            {
              "title": "\"before each\" hook in \"Get Mythic List Sorted by Code Ascending and Descending\"",
              "fullTitle": "Get Mythic List Sorted by Code Ascending and Descending \"before each\" hook in \"Get Mythic List Sorted by Code Ascending and Descending\"",
              "timedOut": false,
              "duration": 26,
              "state": null,
              "speed": null,
              "pass": false,
              "fail": false,
              "pending": false,
              "context": null,
              "code": "apiResDesc = await axios.get(createURL('confirmed/mythic?sortBy=3'));",
              "err": {},
              "uuid": "4f830f5c-04f7-45d5-8b7e-5adb2d7461c5",
              "parentUUID": "4a6450a4-23c1-47fd-af94-2991f1153931",
              "isHook": true,
              "skipped": false
            }
          ],
          "afterHooks": [],
          "tests": [
            {
              "title": "Should be able to get Confirm Mythic list sorted by code ascending",
              "fullTitle": "Get Mythic List Sorted by Code Ascending and Descending Should be able to get Confirm Mythic list sorted by code ascending",
              "timedOut": false,
              "duration": 36,
              "state": "passed",
              "speed": "fast",
              "pass": true,
              "fail": false,
              "pending": false,
              "context": null,
              "code": "const mythicData = apiResponse?.data?.mythic;\nconsole.log(\"datta:\");\nconsole.log(apiResponse.data.data.mythic);\nexpect(apiResponse.status).to.equal(200);",
              "err": {},
              "uuid": "e20ac33b-e11f-4cff-a7c9-763c11aed853",
              "parentUUID": "4a6450a4-23c1-47fd-af94-2991f1153931",
              "isHook": false,
              "skipped": false
            },
            {
              "title": "Another test that uses the API response",
              "fullTitle": "Get Mythic List Sorted by Code Ascending and Descending Another test that uses the API response",
              "timedOut": false,
              "duration": 25,
              "state": "passed",
              "speed": "fast",
              "pass": true,
              "fail": false,
              "pending": false,
              "context": null,
              "code": "console.log(apiResponse.data.data.mythic);",
              "err": {},
              "uuid": "8817aa9a-3434-4681-a761-c2f4ef70d5d1",
              "parentUUID": "4a6450a4-23c1-47fd-af94-2991f1153931",
              "isHook": false,
              "skipped": false
            },
            {
              "title": "Should be able to get Confirm Mythic list sorted by code descending",
              "fullTitle": "Get Mythic List Sorted by Code Ascending and Descending Should be able to get Confirm Mythic list sorted by code descending",
              "timedOut": false,
              "duration": 25,
              "state": "passed",
              "speed": "fast",
              "pass": true,
              "fail": false,
              "pending": false,
              "context": null,
              "code": "const mythicData = apiResDesc?.data?.mythic;\nconsole.log(\"datta:\");\nconsole.log(apiResDesc.data.data.mythic);\nexpect(apiResDesc.status).to.equal(200);",
              "err": {},
              "uuid": "1079cd95-034b-47a0-9baf-243f16cbcd24",
              "parentUUID": "4a6450a4-23c1-47fd-af94-2991f1153931",
              "isHook": false,
              "skipped": false
            },
            {
              "title": "Another test that uses the API response",
              "fullTitle": "Get Mythic List Sorted by Code Ascending and Descending Another test that uses the API response",
              "timedOut": false,
              "duration": 26,
              "state": "passed",
              "speed": "fast",
              "pass": true,
              "fail": false,
              "pending": false,
              "context": null,
              "code": "console.log(apiResDesc.data.data.mythic);",
              "err": {},
              "uuid": "71f45493-9191-4757-98b9-6725d826f4ac",
              "parentUUID": "4a6450a4-23c1-47fd-af94-2991f1153931",
              "isHook": false,
              "skipped": false
            }
          ],
          "suites": [],
          "passes": [
            "e20ac33b-e11f-4cff-a7c9-763c11aed853",
            "8817aa9a-3434-4681-a761-c2f4ef70d5d1",
            "1079cd95-034b-47a0-9baf-243f16cbcd24",
            "71f45493-9191-4757-98b9-6725d826f4ac"
          ],
          "failures": [],
          "pending": [],
          "skipped": [],
          "duration": 112,
          "root": false,
          "rootEmpty": false,
          "_timeout": 30000
        },
        {
          "uuid": "36494f22-5750-41f7-87fd-9a4e207cc1c1",
          "title": "Get query SortBy Top Rated",
          "fullFile": "D:\\apiTest\\apitestMR\\apiMythRepo\\dev\\get-query-sortby.js",
          "file": "\\apiMythRepo\\dev\\get-query-sortby.js",
          "beforeHooks": [],
          "afterHooks": [],
          "tests": [
            {
              "title": "Get Confirm Mythic Sorting List by Top Rated",
              "fullTitle": "Get query SortBy Top Rated Get Confirm Mythic Sorting List by Top Rated",
              "timedOut": false,
              "duration": 29,
              "state": "passed",
              "speed": "fast",
              "pass": true,
              "fail": false,
              "pending": false,
              "context": null,
              "code": "const res = await axios.get(createURL('confirmed/mythic'), { sortBy: 'TOPRATED'})\nconsole.log(res.data)\nexpect(res.data.page);\nexpect(res.status).to.equal(200);",
              "err": {},
              "uuid": "9e9209c3-b685-4a3c-8678-82d3a6be18b8",
              "parentUUID": "36494f22-5750-41f7-87fd-9a4e207cc1c1",
              "isHook": false,
              "skipped": false
            },
            {
              "title": "Get Unconfirm Mythic Sorting List by Top Rated",
              "fullTitle": "Get query SortBy Top Rated Get Unconfirm Mythic Sorting List by Top Rated",
              "timedOut": false,
              "duration": 26,
              "state": "passed",
              "speed": "fast",
              "pass": true,
              "fail": false,
              "pending": false,
              "context": null,
              "code": "const res = await axios.get(createURL('unconfirmed/mythic'), { sortBy: 'TOPRATED'})\nconsole.log(res.data)\nexpect(res.data.page);\nexpect(res.status).to.equal(200);",
              "err": {},
              "uuid": "73513868-7ce0-440a-b6f7-7cb9dd5c64fe",
              "parentUUID": "36494f22-5750-41f7-87fd-9a4e207cc1c1",
              "isHook": false,
              "skipped": false
            },
            {
              "title": "Get Confirm Casefile Sorting List by Top Rated",
              "fullTitle": "Get query SortBy Top Rated Get Confirm Casefile Sorting List by Top Rated",
              "timedOut": false,
              "duration": 48,
              "state": "passed",
              "speed": "medium",
              "pass": true,
              "fail": false,
              "pending": false,
              "context": null,
              "code": "const res = await axios.get(createURL('confirmed/casefile'), { sortBy: 'TOPRATED'})\nconsole.log(res.data)\nexpect(res.data.page);\nexpect(res.status).to.equal(200);",
              "err": {},
              "uuid": "e64e6f9e-bebe-46a6-b757-e3949c8a2360",
              "parentUUID": "36494f22-5750-41f7-87fd-9a4e207cc1c1",
              "isHook": false,
              "skipped": false
            },
            {
              "title": "Get Unconfirm Casefile Sorting List by Top Rated",
              "fullTitle": "Get query SortBy Top Rated Get Unconfirm Casefile Sorting List by Top Rated",
              "timedOut": false,
              "duration": 30,
              "state": "passed",
              "speed": "fast",
              "pass": true,
              "fail": false,
              "pending": false,
              "context": null,
              "code": "const res = await axios.get(createURL('unconfirmed/casefile'), { sortBy: 'TOPRATED'})\nconsole.log(res.data)\nexpect(res.data.page);\nexpect(res.status).to.equal(200);",
              "err": {},
              "uuid": "c5aeb4b4-cd56-4c61-beaa-b831db175afb",
              "parentUUID": "36494f22-5750-41f7-87fd-9a4e207cc1c1",
              "isHook": false,
              "skipped": false
            },
            {
              "title": "Get Confirm Dossier Sorting List by Top Rated",
              "fullTitle": "Get query SortBy Top Rated Get Confirm Dossier Sorting List by Top Rated",
              "timedOut": false,
              "duration": 34,
              "state": "passed",
              "speed": "fast",
              "pass": true,
              "fail": false,
              "pending": false,
              "context": null,
              "code": "const res = await axios.get(createURL('confirmed/dossier'), { sortBy: 'TOPRATED'})\nconsole.log(res.data)\nexpect(res.data.page);\nexpect(res.status).to.equal(200);",
              "err": {},
              "uuid": "1bae3df4-c301-42a4-be10-93cc9d713791",
              "parentUUID": "36494f22-5750-41f7-87fd-9a4e207cc1c1",
              "isHook": false,
              "skipped": false
            },
            {
              "title": "Get Unconfirm Dossier Sorting List by Top Rated",
              "fullTitle": "Get query SortBy Top Rated Get Unconfirm Dossier Sorting List by Top Rated",
              "timedOut": false,
              "duration": 27,
              "state": "passed",
              "speed": "fast",
              "pass": true,
              "fail": false,
              "pending": false,
              "context": null,
              "code": "const res = await axios.get(createURL('unconfirmed/dossier'), { sortBy: 'TOPRATED'})\nconsole.log(res.data)\nexpect(res.data.page);\nexpect(res.status).to.equal(200);",
              "err": {},
              "uuid": "f980e223-bc85-403d-8ed3-49cea406397d",
              "parentUUID": "36494f22-5750-41f7-87fd-9a4e207cc1c1",
              "isHook": false,
              "skipped": false
            },
            {
              "title": "Get Confirm Addendum Sorting List by Top Rated",
              "fullTitle": "Get query SortBy Top Rated Get Confirm Addendum Sorting List by Top Rated",
              "timedOut": false,
              "duration": 28,
              "state": "passed",
              "speed": "fast",
              "pass": true,
              "fail": false,
              "pending": false,
              "context": null,
              "code": "const res = await axios.get(createURL('confirmed/addendum'), { sortBy: 'TOPRATED'})\nconsole.log(res.data)\nexpect(res.data.page);\nexpect(res.status).to.equal(200);",
              "err": {},
              "uuid": "87bb3408-bb6f-4e2c-9026-37484b8d1212",
              "parentUUID": "36494f22-5750-41f7-87fd-9a4e207cc1c1",
              "isHook": false,
              "skipped": false
            },
            {
              "title": "Get Unconfirm Addendum Sorting List by Top Rated",
              "fullTitle": "Get query SortBy Top Rated Get Unconfirm Addendum Sorting List by Top Rated",
              "timedOut": false,
              "duration": 27,
              "state": "passed",
              "speed": "fast",
              "pass": true,
              "fail": false,
              "pending": false,
              "context": null,
              "code": "const res = await axios.get(createURL('unconfirmed/addendum'), { sortBy: 'TOPRATED'})\nconsole.log(res.data)\nexpect(res.data.page);\nexpect(res.status).to.equal(200);",
              "err": {},
              "uuid": "06276c17-fc39-4a07-9798-1c5f9900ba9e",
              "parentUUID": "36494f22-5750-41f7-87fd-9a4e207cc1c1",
              "isHook": false,
              "skipped": false
            }
          ],
          "suites": [],
          "passes": [
            "9e9209c3-b685-4a3c-8678-82d3a6be18b8",
            "73513868-7ce0-440a-b6f7-7cb9dd5c64fe",
            "e64e6f9e-bebe-46a6-b757-e3949c8a2360",
            "c5aeb4b4-cd56-4c61-beaa-b831db175afb",
            "1bae3df4-c301-42a4-be10-93cc9d713791",
            "f980e223-bc85-403d-8ed3-49cea406397d",
            "87bb3408-bb6f-4e2c-9026-37484b8d1212",
            "06276c17-fc39-4a07-9798-1c5f9900ba9e"
          ],
          "failures": [],
          "pending": [],
          "skipped": [],
          "duration": 249,
          "root": false,
          "rootEmpty": false,
          "_timeout": 30000
        },
        {
          "uuid": "1235ee05-3637-4f7c-9562-a3f73e61e442",
          "title": "Mythic Repository Get API request",
          "fullFile": "D:\\apiTest\\apitestMR\\apiMythRepo\\dev\\get-req.js",
          "file": "\\apiMythRepo\\dev\\get-req.js",
          "beforeHooks": [],
          "afterHooks": [],
          "tests": [
            {
              "title": "Should be able to get Confirm Mythic list ",
              "fullTitle": "Mythic Repository Get API request Should be able to get Confirm Mythic list ",
              "timedOut": false,
              "duration": 28,
              "state": "passed",
              "speed": "fast",
              "pass": true,
              "fail": false,
              "pending": false,
              "context": null,
              "code": "const res = await axios.get(createURL('confirmed/mythic'))\nconsole.log(res.data)\nexpect(res.data.page);\nexpect(res.status).to.equal(200);",
              "err": {},
              "uuid": "19638d30-7fdd-4c67-a304-851c04474f33",
              "parentUUID": "1235ee05-3637-4f7c-9562-a3f73e61e442",
              "isHook": false,
              "skipped": false
            },
            {
              "title": "Should be able to get Unconfirm Mythic list ",
              "fullTitle": "Mythic Repository Get API request Should be able to get Unconfirm Mythic list ",
              "timedOut": false,
              "duration": 29,
              "state": "passed",
              "speed": "fast",
              "pass": true,
              "fail": false,
              "pending": false,
              "context": null,
              "code": "const res = await axios.get(createURL('unconfirmed/mythic'))\nconsole.log(res.data)\nexpect(res.data.page);\nexpect(res.status).to.equal(200);",
              "err": {},
              "uuid": "3d2a188b-d6f7-4f8d-8707-e780396305c6",
              "parentUUID": "1235ee05-3637-4f7c-9562-a3f73e61e442",
              "isHook": false,
              "skipped": false
            },
            {
              "title": "Should be able to get Mythic Detail ",
              "fullTitle": "Mythic Repository Get API request Should be able to get Mythic Detail ",
              "timedOut": false,
              "duration": 41,
              "state": "passed",
              "speed": "medium",
              "pass": true,
              "fail": false,
              "pending": false,
              "context": null,
              "code": "const res = await axios.get(createURL('mythic/M-1001'))\nconsole.log(res.data)\nexpect(res.data.page);\nexpect(res.status).to.equal(200);",
              "err": {},
              "uuid": "6b8d5073-a32e-4d1a-ad13-ddc0850fa54c",
              "parentUUID": "1235ee05-3637-4f7c-9562-a3f73e61e442",
              "isHook": false,
              "skipped": false
            },
            {
              "title": "Should be able to get Confirm Casefile list ",
              "fullTitle": "Mythic Repository Get API request Should be able to get Confirm Casefile list ",
              "timedOut": false,
              "duration": 27,
              "state": "passed",
              "speed": "fast",
              "pass": true,
              "fail": false,
              "pending": false,
              "context": null,
              "code": "const res = await axios.get(createURL('confirmed/casefile'))\nconsole.log(res.data)\nexpect(res.data.page);\nexpect(res.status).to.equal(200);",
              "err": {},
              "uuid": "afb042d5-1011-40cb-b8fc-6fcece6cf3c0",
              "parentUUID": "1235ee05-3637-4f7c-9562-a3f73e61e442",
              "isHook": false,
              "skipped": false
            },
            {
              "title": "Should be able to get Unconfirm Casefile list ",
              "fullTitle": "Mythic Repository Get API request Should be able to get Unconfirm Casefile list ",
              "timedOut": false,
              "duration": 32,
              "state": "passed",
              "speed": "fast",
              "pass": true,
              "fail": false,
              "pending": false,
              "context": null,
              "code": "const res = await axios.get(createURL('unconfirmed/casefile'))\nconsole.log(res.data)\nexpect(res.data.page);\nexpect(res.status).to.equal(200);",
              "err": {},
              "uuid": "fe0b8216-4923-4a3d-b952-bc7b1b57561d",
              "parentUUID": "1235ee05-3637-4f7c-9562-a3f73e61e442",
              "isHook": false,
              "skipped": false
            },
            {
              "title": "Should be able to get Casefile Detail ",
              "fullTitle": "Mythic Repository Get API request Should be able to get Casefile Detail ",
              "timedOut": false,
              "duration": 43,
              "state": "passed",
              "speed": "medium",
              "pass": true,
              "fail": false,
              "pending": false,
              "context": null,
              "code": "const res = await axios.get(createURL('casefile/C-1002'))\nconsole.log(res.data)\nexpect(res.data.page);\nexpect(res.status).to.equal(200);",
              "err": {},
              "uuid": "8e08560b-b722-460a-a026-6c28349da50f",
              "parentUUID": "1235ee05-3637-4f7c-9562-a3f73e61e442",
              "isHook": false,
              "skipped": false
            },
            {
              "title": "Should be able to get Confirm Dossier list ",
              "fullTitle": "Mythic Repository Get API request Should be able to get Confirm Dossier list ",
              "timedOut": false,
              "duration": 42,
              "state": "passed",
              "speed": "medium",
              "pass": true,
              "fail": false,
              "pending": false,
              "context": null,
              "code": "const res = await axios.get(createURL('confirmed/dossier'))\nconsole.log(res.data)\nexpect(res.data.page);\nexpect(res.status).to.equal(200);",
              "err": {},
              "uuid": "308cdc41-02f5-4b90-8fae-3e7afbe4034f",
              "parentUUID": "1235ee05-3637-4f7c-9562-a3f73e61e442",
              "isHook": false,
              "skipped": false
            },
            {
              "title": "Should be able to get Unconfirm Dossier list ",
              "fullTitle": "Mythic Repository Get API request Should be able to get Unconfirm Dossier list ",
              "timedOut": false,
              "duration": 27,
              "state": "passed",
              "speed": "fast",
              "pass": true,
              "fail": false,
              "pending": false,
              "context": null,
              "code": "const res = await axios.get(createURL('unconfirmed/dossier'))\nconsole.log(res.data)\nexpect(res.data.page);\nexpect(res.status).to.equal(200);",
              "err": {},
              "uuid": "429c713b-1143-4c0d-b05e-d706de5bb7e6",
              "parentUUID": "1235ee05-3637-4f7c-9562-a3f73e61e442",
              "isHook": false,
              "skipped": false
            },
            {
              "title": "Should be able to get Dossier Detail ",
              "fullTitle": "Mythic Repository Get API request Should be able to get Dossier Detail ",
              "timedOut": false,
              "duration": 43,
              "state": "passed",
              "speed": "medium",
              "pass": true,
              "fail": false,
              "pending": false,
              "context": null,
              "code": "const res = await axios.get(createURL('dossier/D-1002'))\nconsole.log(res.data)\nexpect(res.data.page);\nexpect(res.status).to.equal(200);",
              "err": {},
              "uuid": "50c8e3ab-502a-4a20-93f2-b442fe67973e",
              "parentUUID": "1235ee05-3637-4f7c-9562-a3f73e61e442",
              "isHook": false,
              "skipped": false
            },
            {
              "title": "Should be able to get Confirm Addendum list ",
              "fullTitle": "Mythic Repository Get API request Should be able to get Confirm Addendum list ",
              "timedOut": false,
              "duration": 27,
              "state": "passed",
              "speed": "fast",
              "pass": true,
              "fail": false,
              "pending": false,
              "context": null,
              "code": "const res = await axios.get(createURL('confirmed/addendum'))\nconsole.log(res.data)\nexpect(res.data.page);\nexpect(res.status).to.equal(200);",
              "err": {},
              "uuid": "bfd7022b-c1e9-45f2-ba38-e0b03ecaecd8",
              "parentUUID": "1235ee05-3637-4f7c-9562-a3f73e61e442",
              "isHook": false,
              "skipped": false
            },
            {
              "title": "Should be able to get Unconfirm Addendum list ",
              "fullTitle": "Mythic Repository Get API request Should be able to get Unconfirm Addendum list ",
              "timedOut": false,
              "duration": 28,
              "state": "passed",
              "speed": "fast",
              "pass": true,
              "fail": false,
              "pending": false,
              "context": null,
              "code": "const res = await axios.get(createURL('unconfirmed/addendum'))\nconsole.log(res.data)\nexpect(res.data.page);\nexpect(res.status).to.equal(200);",
              "err": {},
              "uuid": "6a2dc218-aa6f-4141-bb59-4e766fabb3d5",
              "parentUUID": "1235ee05-3637-4f7c-9562-a3f73e61e442",
              "isHook": false,
              "skipped": false
            },
            {
              "title": "Should be able to get Addendum Detail ",
              "fullTitle": "Mythic Repository Get API request Should be able to get Addendum Detail ",
              "timedOut": false,
              "duration": 31,
              "state": "passed",
              "speed": "fast",
              "pass": true,
              "fail": false,
              "pending": false,
              "context": null,
              "code": "const res = await axios.get(createURL('addendum/C-1001-A1431'))\nconsole.log(res.data)\nexpect(res.data.page);\nexpect(res.status).to.equal(200);",
              "err": {},
              "uuid": "9e898c65-2ca2-4075-8260-9625fa856cd6",
              "parentUUID": "1235ee05-3637-4f7c-9562-a3f73e61e442",
              "isHook": false,
              "skipped": false
            },
            {
              "title": "Home page Top Rated",
              "fullTitle": "Mythic Repository Get API request Home page Top Rated",
              "timedOut": false,
              "duration": 27,
              "state": "passed",
              "speed": "fast",
              "pass": true,
              "fail": false,
              "pending": false,
              "context": null,
              "code": "const res = await axios.get(createURL('home/top-rated'))\nconsole.log(res.data)\nexpect(res.data.page)\nexpect(res.status).to.equal(200)",
              "err": {},
              "uuid": "ffd6798b-49e7-47f7-be24-50db76b0ba26",
              "parentUUID": "1235ee05-3637-4f7c-9562-a3f73e61e442",
              "isHook": false,
              "skipped": false
            },
            {
              "title": "Home page Last Confirmed",
              "fullTitle": "Mythic Repository Get API request Home page Last Confirmed",
              "timedOut": false,
              "duration": 28,
              "state": "passed",
              "speed": "fast",
              "pass": true,
              "fail": false,
              "pending": false,
              "context": null,
              "code": "const res = await axios.get(createURL('home/last-confirmed'))\nconsole.log(res.data)\nexpect(res.data.page)\nexpect(res.status).to.equal(200)",
              "err": {},
              "uuid": "758b3684-bef7-43ef-a377-21ae253b9551",
              "parentUUID": "1235ee05-3637-4f7c-9562-a3f73e61e442",
              "isHook": false,
              "skipped": false
            }
          ],
          "suites": [],
          "passes": [
            "19638d30-7fdd-4c67-a304-851c04474f33",
            "3d2a188b-d6f7-4f8d-8707-e780396305c6",
            "6b8d5073-a32e-4d1a-ad13-ddc0850fa54c",
            "afb042d5-1011-40cb-b8fc-6fcece6cf3c0",
            "fe0b8216-4923-4a3d-b952-bc7b1b57561d",
            "8e08560b-b722-460a-a026-6c28349da50f",
            "308cdc41-02f5-4b90-8fae-3e7afbe4034f",
            "429c713b-1143-4c0d-b05e-d706de5bb7e6",
            "50c8e3ab-502a-4a20-93f2-b442fe67973e",
            "bfd7022b-c1e9-45f2-ba38-e0b03ecaecd8",
            "6a2dc218-aa6f-4141-bb59-4e766fabb3d5",
            "9e898c65-2ca2-4075-8260-9625fa856cd6",
            "ffd6798b-49e7-47f7-be24-50db76b0ba26",
            "758b3684-bef7-43ef-a377-21ae253b9551"
          ],
          "failures": [],
          "pending": [],
          "skipped": [],
          "duration": 453,
          "root": false,
          "rootEmpty": false,
          "_timeout": 30000
        },
        {
          "uuid": "8b51389d-6be8-4dd4-8920-55041c46ed51",
          "title": "Bad Request to Get query SortBy Top Rated",
          "fullFile": "D:\\apiTest\\apitestMR\\apiMythRepo\\dev\\get400.js",
          "file": "\\apiMythRepo\\dev\\get400.js",
          "beforeHooks": [],
          "afterHooks": [],
          "tests": [
            {
              "title": "Bad Request to Get Confirm Mythic Sorting List by Top Rated",
              "fullTitle": "Bad Request to Get query SortBy Top Rated Bad Request to Get Confirm Mythic Sorting List by Top Rated",
              "timedOut": false,
              "duration": 33,
              "state": "passed",
              "speed": "fast",
              "pass": true,
              "fail": false,
              "pending": false,
              "context": null,
              "code": "try {\n     const res = await axios.get(createURL('confirmed/mythic?sortBy=5'))\n     console.log(res.data)\n     expect(res.data.page);\n     expect.fail('400');\n} catch (error) {\n     expect(error.response.status).to.equal(400)    \n}",
              "err": {},
              "uuid": "a01a49b0-72c3-404b-be1e-853869981fe1",
              "parentUUID": "8b51389d-6be8-4dd4-8920-55041c46ed51",
              "isHook": false,
              "skipped": false
            },
            {
              "title": "Bad Request to Get Unconfirm Mythic Sorting List by Top Rated",
              "fullTitle": "Bad Request to Get query SortBy Top Rated Bad Request to Get Unconfirm Mythic Sorting List by Top Rated",
              "timedOut": false,
              "duration": 91,
              "state": "passed",
              "speed": "slow",
              "pass": true,
              "fail": false,
              "pending": false,
              "context": null,
              "code": "try {\n     const res = await axios.get(createURL('unconfirmed/mythic?sortBy=5'))\n     console.log(res.data)\n     expect(res.data.page);\n     expect.fail('400');\n} catch (error) {\n     expect(error.response.status).to.equal(400)    \n}",
              "err": {},
              "uuid": "5b85b4b4-fefa-439c-8e23-f24be239bd2e",
              "parentUUID": "8b51389d-6be8-4dd4-8920-55041c46ed51",
              "isHook": false,
              "skipped": false
            },
            {
              "title": "Bad Request to Get Confirm Casefile Sorting List by Top Rated",
              "fullTitle": "Bad Request to Get query SortBy Top Rated Bad Request to Get Confirm Casefile Sorting List by Top Rated",
              "timedOut": false,
              "duration": 22,
              "state": "passed",
              "speed": "fast",
              "pass": true,
              "fail": false,
              "pending": false,
              "context": null,
              "code": "try {\n     const res = await axios.get(createURL('confirmed/casefile?sortBy=5'))\n     console.log(res.data)\n     expect(res.data.page);\n     expect.fail('400');\n} catch (error) {\n     expect(error.response.status).to.equal(400)    \n}",
              "err": {},
              "uuid": "8db77762-c01f-4f70-9bca-fbc06f8db724",
              "parentUUID": "8b51389d-6be8-4dd4-8920-55041c46ed51",
              "isHook": false,
              "skipped": false
            },
            {
              "title": "Bad Request to Get Unconfirm Casefile Sorting List by Top Rated",
              "fullTitle": "Bad Request to Get query SortBy Top Rated Bad Request to Get Unconfirm Casefile Sorting List by Top Rated",
              "timedOut": false,
              "duration": 64,
              "state": "passed",
              "speed": "medium",
              "pass": true,
              "fail": false,
              "pending": false,
              "context": null,
              "code": "try {\n     const res = await axios.get(createURL('unconfirmed/casefile?sortBy=5'))\n     console.log(res.data)\n     expect(res.data.page);\n     expect.fail('400');\n} catch (error) {\n     expect(error.response.status).to.equal(400)    \n}",
              "err": {},
              "uuid": "af597f61-ef5a-4c4a-8283-233a60dd7d09",
              "parentUUID": "8b51389d-6be8-4dd4-8920-55041c46ed51",
              "isHook": false,
              "skipped": false
            },
            {
              "title": "Bad Request to Get Confirm Dossier Sorting List by Top Rated",
              "fullTitle": "Bad Request to Get query SortBy Top Rated Bad Request to Get Confirm Dossier Sorting List by Top Rated",
              "timedOut": false,
              "duration": 23,
              "state": "passed",
              "speed": "fast",
              "pass": true,
              "fail": false,
              "pending": false,
              "context": null,
              "code": "try {\n     const res = await axios.get(createURL('confirmed/dossier?sortBy=5'))\n     console.log(res.data)\n     expect(res.data.page);\n     expect.fail('400');\n} catch (error) {\n     expect(error.response.status).to.equal(400)    \n}",
              "err": {},
              "uuid": "7c1d968a-f8e8-4eff-b87d-7dfc5f370872",
              "parentUUID": "8b51389d-6be8-4dd4-8920-55041c46ed51",
              "isHook": false,
              "skipped": false
            },
            {
              "title": "Bad Request to Get Unconfirm Dossier Sorting List by Top Rated",
              "fullTitle": "Bad Request to Get query SortBy Top Rated Bad Request to Get Unconfirm Dossier Sorting List by Top Rated",
              "timedOut": false,
              "duration": 22,
              "state": "passed",
              "speed": "fast",
              "pass": true,
              "fail": false,
              "pending": false,
              "context": null,
              "code": "try {\n     const res = await axios.get(createURL('unconfirmed/dossier?sortBy=5'))\n     console.log(res.data)\n     expect(res.data.page);\n     expect.fail('400');\n} catch (error) {\n     expect(error.response.status).to.equal(400)    \n}",
              "err": {},
              "uuid": "428914e9-e9a4-4e05-abaa-3363554c9d52",
              "parentUUID": "8b51389d-6be8-4dd4-8920-55041c46ed51",
              "isHook": false,
              "skipped": false
            },
            {
              "title": "Bad Request to Get Confirm Addendum Sorting List by Top Rated",
              "fullTitle": "Bad Request to Get query SortBy Top Rated Bad Request to Get Confirm Addendum Sorting List by Top Rated",
              "timedOut": false,
              "duration": 23,
              "state": "passed",
              "speed": "fast",
              "pass": true,
              "fail": false,
              "pending": false,
              "context": null,
              "code": "try {\n     const res = await axios.get(createURL('confirmed/addendum?sortBy=5'))\n     console.log(res.data)\n     expect(res.data.page);\n     expect.fail('400');\n} catch (error) {\n     expect(error.response.status).to.equal(400)    \n}",
              "err": {},
              "uuid": "b2cf9222-5f88-4895-be44-1183108bdef4",
              "parentUUID": "8b51389d-6be8-4dd4-8920-55041c46ed51",
              "isHook": false,
              "skipped": false
            },
            {
              "title": "Bad Request to Get Unconfirm Addendum Sorting List by Top Rated",
              "fullTitle": "Bad Request to Get query SortBy Top Rated Bad Request to Get Unconfirm Addendum Sorting List by Top Rated",
              "timedOut": false,
              "duration": 24,
              "state": "passed",
              "speed": "fast",
              "pass": true,
              "fail": false,
              "pending": false,
              "context": null,
              "code": "try {\n     const res = await axios.get(createURL('unconfirmed/addendum?sortBy=5'))\n     console.log(res.data)\n     expect(res.data.page);\n     expect.fail('400');\n} catch (error) {\n     expect(error.response.status).to.equal(400)    \n}",
              "err": {},
              "uuid": "027368a7-065a-47ad-83e9-4d6397909766",
              "parentUUID": "8b51389d-6be8-4dd4-8920-55041c46ed51",
              "isHook": false,
              "skipped": false
            }
          ],
          "suites": [],
          "passes": [
            "a01a49b0-72c3-404b-be1e-853869981fe1",
            "5b85b4b4-fefa-439c-8e23-f24be239bd2e",
            "8db77762-c01f-4f70-9bca-fbc06f8db724",
            "af597f61-ef5a-4c4a-8283-233a60dd7d09",
            "7c1d968a-f8e8-4eff-b87d-7dfc5f370872",
            "428914e9-e9a4-4e05-abaa-3363554c9d52",
            "b2cf9222-5f88-4895-be44-1183108bdef4",
            "027368a7-065a-47ad-83e9-4d6397909766"
          ],
          "failures": [],
          "pending": [],
          "skipped": [],
          "duration": 302,
          "root": false,
          "rootEmpty": false,
          "_timeout": 30000
        },
        {
          "uuid": "07d72549-32c9-49cd-b659-50bfab2e6ba3",
          "title": "Mythic Repository Get API 404 Response",
          "fullFile": "D:\\apiTest\\apitestMR\\apiMythRepo\\dev\\get404.js",
          "file": "\\apiMythRepo\\dev\\get404.js",
          "beforeHooks": [],
          "afterHooks": [],
          "tests": [
            {
              "title": "Should not be able to get Confirm Mythic list 404",
              "fullTitle": "Mythic Repository Get API 404 Response Should not be able to get Confirm Mythic list 404",
              "timedOut": false,
              "duration": 494,
              "state": "passed",
              "speed": "slow",
              "pass": true,
              "fail": false,
              "pending": false,
              "context": null,
              "code": "try {\n    const res = await axios.get(createURL('confirmed/mythics'))\n    console.log(res.data)\n    expect(res.data.page);\n    expect.fail('404');\n    \n} catch (error) {\n    expect(error.response.status).to.equal(404);  \n}",
              "err": {},
              "uuid": "79554a04-7307-4739-8012-1cbc9f2881de",
              "parentUUID": "07d72549-32c9-49cd-b659-50bfab2e6ba3",
              "isHook": false,
              "skipped": false
            },
            {
              "title": "Should not be able to get Unconfirm Mythic list 404",
              "fullTitle": "Mythic Repository Get API 404 Response Should not be able to get Unconfirm Mythic list 404",
              "timedOut": false,
              "duration": 23,
              "state": "passed",
              "speed": "fast",
              "pass": true,
              "fail": false,
              "pending": false,
              "context": null,
              "code": "try {\n    const res = await axios.get(createURL('unconfirmed/mythics'))\n    console.log(res.data)\n    expect(res.data.page);\n    expect.fail('404');\n} catch (error) {\n    expect(error.response.status).to.equal(404);\n}",
              "err": {},
              "uuid": "6994c9fa-fbae-403b-97f3-9b28efe7c3f9",
              "parentUUID": "07d72549-32c9-49cd-b659-50bfab2e6ba3",
              "isHook": false,
              "skipped": false
            },
            {
              "title": "Should not be able to get Mythic Detail 404 ",
              "fullTitle": "Mythic Repository Get API 404 Response Should not be able to get Mythic Detail 404 ",
              "timedOut": false,
              "duration": 3865,
              "state": "passed",
              "speed": "slow",
              "pass": true,
              "fail": false,
              "pending": false,
              "context": null,
              "code": "try { \n    const res = await axios.get(createURL('mythic/M-10011245'))\n    console.log(res.data)\n    expect(res.data.page);\n    expect.fail('404');\n} catch (error) {\n    expect(error.response.status).to.equal(404);\n}",
              "err": {},
              "uuid": "b13e947e-0a18-4c6c-be8c-66bdab2cc744",
              "parentUUID": "07d72549-32c9-49cd-b659-50bfab2e6ba3",
              "isHook": false,
              "skipped": false
            },
            {
              "title": "Should not be able to get Confirm Casefile list 404",
              "fullTitle": "Mythic Repository Get API 404 Response Should not be able to get Confirm Casefile list 404",
              "timedOut": false,
              "duration": 24,
              "state": "passed",
              "speed": "fast",
              "pass": true,
              "fail": false,
              "pending": false,
              "context": null,
              "code": "try {\n    const res = await axios.get(createURL('confirmed/casefiles'))\n    console.log(res.data)\n    expect(res.data.page);\n    expect.fail('404');\n} catch (error) {\n    expect(error.response.status).to.equal(404)\n}",
              "err": {},
              "uuid": "9b590862-b924-4a38-a6c9-e048f774a6f9",
              "parentUUID": "07d72549-32c9-49cd-b659-50bfab2e6ba3",
              "isHook": false,
              "skipped": false
            },
            {
              "title": "Should not be able to get Unconfirm Casefile list 404",
              "fullTitle": "Mythic Repository Get API 404 Response Should not be able to get Unconfirm Casefile list 404",
              "timedOut": false,
              "duration": 22,
              "state": "passed",
              "speed": "fast",
              "pass": true,
              "fail": false,
              "pending": false,
              "context": null,
              "code": "try {\n    const res = await axios.get(createURL('unconfirmed/casefiles'))\n    console.log(res.data)\n    expect(res.data.page);\n    expect.fail('404');\n} catch (error) {\n    expect(error.response.status).to.equal(404)\n}",
              "err": {},
              "uuid": "c970d474-5149-43f4-bbf4-6d7d80620416",
              "parentUUID": "07d72549-32c9-49cd-b659-50bfab2e6ba3",
              "isHook": false,
              "skipped": false
            },
            {
              "title": "Should not be able to get Casefile Detail 404",
              "fullTitle": "Mythic Repository Get API 404 Response Should not be able to get Casefile Detail 404",
              "timedOut": false,
              "duration": 3682,
              "state": "passed",
              "speed": "slow",
              "pass": true,
              "fail": false,
              "pending": false,
              "context": null,
              "code": "try {\n    const res = await axios.get(createURL('casefile/C-10022342'))\n    console.log(res.data)\n    expect(res.data.page);\n    expect.fail('404');\n} catch (error) {\n    expect(error.response.status).to.equal(404)\n}",
              "err": {},
              "uuid": "59d723de-f0f9-4157-ad8e-870d088d65a9",
              "parentUUID": "07d72549-32c9-49cd-b659-50bfab2e6ba3",
              "isHook": false,
              "skipped": false
            },
            {
              "title": "Should not be able to get Confirm Dossier list 404 ",
              "fullTitle": "Mythic Repository Get API 404 Response Should not be able to get Confirm Dossier list 404 ",
              "timedOut": false,
              "duration": 60,
              "state": "passed",
              "speed": "medium",
              "pass": true,
              "fail": false,
              "pending": false,
              "context": null,
              "code": "try {\n    const res = await axios.get(createURL('confirmed/dossiers'))\n    console.log(res.data)\n    expect(res.data.page);\n    expect.fail('404');\n} catch (error) {\n    expect(error.response.status).to.equal(404)\n}",
              "err": {},
              "uuid": "176013c4-4562-4550-b08f-5a6f2459abf8",
              "parentUUID": "07d72549-32c9-49cd-b659-50bfab2e6ba3",
              "isHook": false,
              "skipped": false
            },
            {
              "title": "Should not be able to get Unconfirm Dossier list 404",
              "fullTitle": "Mythic Repository Get API 404 Response Should not be able to get Unconfirm Dossier list 404",
              "timedOut": false,
              "duration": 32,
              "state": "passed",
              "speed": "fast",
              "pass": true,
              "fail": false,
              "pending": false,
              "context": null,
              "code": "try {\n    const res = await axios.get(createURL('unconfirmed/dossiers'))\n    console.log(res.data)\n    expect(res.data.page);\n    expect.fail('404');\n} catch (error) {\n    expect(error.response.status).to.equal(404)\n}",
              "err": {},
              "uuid": "11cec236-d3c7-4486-abc8-e061bfb002f3",
              "parentUUID": "07d72549-32c9-49cd-b659-50bfab2e6ba3",
              "isHook": false,
              "skipped": false
            },
            {
              "title": "Should not be able to get Dossier Detail 404",
              "fullTitle": "Mythic Repository Get API 404 Response Should not be able to get Dossier Detail 404",
              "timedOut": false,
              "duration": 769,
              "state": "passed",
              "speed": "slow",
              "pass": true,
              "fail": false,
              "pending": false,
              "context": null,
              "code": "try {\n    const res = await axios.get(createURL('dossier/D-100223432'))\n    console.log(res.data)\n    expect(res.data.page);\n    expect.fail('404');\n} catch (error) {\n    expect(error.response.status).to.equal(404)\n}",
              "err": {},
              "uuid": "673967e6-8c84-42b1-9b9d-7bed7d97bcf8",
              "parentUUID": "07d72549-32c9-49cd-b659-50bfab2e6ba3",
              "isHook": false,
              "skipped": false
            },
            {
              "title": "Should not be able to get Confirm Addendum list 404",
              "fullTitle": "Mythic Repository Get API 404 Response Should not be able to get Confirm Addendum list 404",
              "timedOut": false,
              "duration": 36,
              "state": "passed",
              "speed": "fast",
              "pass": true,
              "fail": false,
              "pending": false,
              "context": null,
              "code": "try {\n    const res = await axios.get(createURL('confirmed/addendumss'))\n    console.log(res.data)\n    expect(res.data.page);\n    expect.fail('404');\n} catch (error) {\n    expect(error.response.status).to.equal(404)\n}",
              "err": {},
              "uuid": "cc6a0399-ab41-46b6-8012-19be6cf3354f",
              "parentUUID": "07d72549-32c9-49cd-b659-50bfab2e6ba3",
              "isHook": false,
              "skipped": false
            },
            {
              "title": "Should not be able to get Unconfirm Addendum list 404",
              "fullTitle": "Mythic Repository Get API 404 Response Should not be able to get Unconfirm Addendum list 404",
              "timedOut": false,
              "duration": 53,
              "state": "passed",
              "speed": "medium",
              "pass": true,
              "fail": false,
              "pending": false,
              "context": null,
              "code": "try {\n    const res = await axios.get(createURL('uconfirmed/addendumss'))\n    console.log(res.data)\n    expect(res.data.page);\n    expect.fail('404');\n} catch (error) {\n    expect(error.response.status).to.equal(404)\n}",
              "err": {},
              "uuid": "3bd6c833-00f1-4b82-b135-34521710280e",
              "parentUUID": "07d72549-32c9-49cd-b659-50bfab2e6ba3",
              "isHook": false,
              "skipped": false
            },
            {
              "title": "Should not be able to get Addendum Detail ",
              "fullTitle": "Mythic Repository Get API 404 Response Should not be able to get Addendum Detail ",
              "timedOut": false,
              "duration": 639,
              "state": "passed",
              "speed": "slow",
              "pass": true,
              "fail": false,
              "pending": false,
              "context": null,
              "code": "try {\n    const res = await axios.get(createURL('addendum/A-1001-232011-01'))\n    console.log(res.data)\n    expect(res.data.page);\n    expect.fail('404');\n} catch (error) {\n    expect(error.response.status).to.equal(404)\n}",
              "err": {},
              "uuid": "a71ae810-ea72-4030-a0f7-5f0c02a68683",
              "parentUUID": "07d72549-32c9-49cd-b659-50bfab2e6ba3",
              "isHook": false,
              "skipped": false
            },
            {
              "title": "Home page Top Rated 404 ",
              "fullTitle": "Mythic Repository Get API 404 Response Home page Top Rated 404 ",
              "timedOut": false,
              "duration": 23,
              "state": "passed",
              "speed": "fast",
              "pass": true,
              "fail": false,
              "pending": false,
              "context": null,
              "code": "try {\n    const res = await axios.get(createURL('home/tops-rated'))\n    console.log(res.data)\n    expect(res.data.page);\n    expect.fail('404');\n} catch (error) {\n    expect(error.response.status).to.equal(404)\n}",
              "err": {},
              "uuid": "feb0748c-0ed8-42dc-b4b4-7e59f703603a",
              "parentUUID": "07d72549-32c9-49cd-b659-50bfab2e6ba3",
              "isHook": false,
              "skipped": false
            },
            {
              "title": "Home page Last Confirmed 404 ",
              "fullTitle": "Mythic Repository Get API 404 Response Home page Last Confirmed 404 ",
              "timedOut": false,
              "duration": 69,
              "state": "passed",
              "speed": "medium",
              "pass": true,
              "fail": false,
              "pending": false,
              "context": null,
              "code": "try {\n    const res = await axios.get(createURL('home/last-confirmedss'))\n    console.log(res.data)\n    expect(res.data.page);\n    expect.fail('404');\n} catch (error) {\n    expect(error.response.status).to.equal(404)\n}",
              "err": {},
              "uuid": "7395413b-a798-42ac-8451-14cd8b7de9b5",
              "parentUUID": "07d72549-32c9-49cd-b659-50bfab2e6ba3",
              "isHook": false,
              "skipped": false
            }
          ],
          "suites": [],
          "passes": [
            "79554a04-7307-4739-8012-1cbc9f2881de",
            "6994c9fa-fbae-403b-97f3-9b28efe7c3f9",
            "b13e947e-0a18-4c6c-be8c-66bdab2cc744",
            "9b590862-b924-4a38-a6c9-e048f774a6f9",
            "c970d474-5149-43f4-bbf4-6d7d80620416",
            "59d723de-f0f9-4157-ad8e-870d088d65a9",
            "176013c4-4562-4550-b08f-5a6f2459abf8",
            "11cec236-d3c7-4486-abc8-e061bfb002f3",
            "673967e6-8c84-42b1-9b9d-7bed7d97bcf8",
            "cc6a0399-ab41-46b6-8012-19be6cf3354f",
            "3bd6c833-00f1-4b82-b135-34521710280e",
            "a71ae810-ea72-4030-a0f7-5f0c02a68683",
            "feb0748c-0ed8-42dc-b4b4-7e59f703603a",
            "7395413b-a798-42ac-8451-14cd8b7de9b5"
          ],
          "failures": [],
          "pending": [],
          "skipped": [],
          "duration": 9791,
          "root": false,
          "rootEmpty": false,
          "_timeout": 30000
        }
      ],
      "passes": [],
      "failures": [],
      "pending": [],
      "skipped": [],
      "duration": 0,
      "root": true,
      "rootEmpty": true,
      "_timeout": 30000
    }
  ],
  "meta": {
    "mocha": {
      "version": "10.2.0"
    },
    "mochawesome": {
      "options": {
        "quiet": false,
        "reportFilename": "mochawesome",
        "saveHtml": true,
        "saveJson": true,
        "consoleReporter": "spec",
        "useInlineDiffs": false,
        "code": true
      },
      "version": "7.1.3"
    },
    "marge": {
      "options": null,
      "version": "6.2.0"
    }
  }
}